2024/11/13 09:46:23.296  [D] [baseController.go:55]  Loading language: ko-KR
2024/11/13 09:46:23.303  [D] [baseController.go:55]  Loading language: en-US
2024/11/13 09:46:23.309  [D] [baseController.go:55]  Loading language: zh-CN
2024/11/13 09:46:23.852  [I] [server.go:281]  http server Running on http://:9090
2024/11/13 09:51:39.770  [D] [baseController.go:55]  Loading language: ko-KR
2024/11/13 09:51:39.772  [D] [baseController.go:55]  Loading language: en-US
2024/11/13 09:51:39.774  [D] [baseController.go:55]  Loading language: zh-CN
2024/11/13 09:51:40.251  [I] [server.go:281]  http server Running on http://:9090
2024/11/13 10:12:23.338  [D] [baseController.go:75]  running prepare
2024/11/13 10:12:23.340  [D] [baseController.go:138]  mem_no:<nil>, mem_id:<nil>
2024/11/13 10:12:28.498  [C] [config.go:500]  the request url is  /admin/banner/list
2024/11/13 10:12:28.499  [C] [config.go:501]  Handler crashed with error OpenSrv(ora.SrvCfg{Dblink:"localhost:1521/xe", Pool:ora.PoolCfg{Type:0x0, Name:"", Username:"", Password:"", Min:0x0, Max:0x0, Incr:0x0}, StmtCfg:ora.StmtCfg{prefetchRowCount:0x80, prefetchMemorySize:0x8000000, longBufferSize:0x1000000, longRawBufferSize:0x1000000, lobBufferSize:16777216, stringPtrBufferSize:4000, fetchLen:128, lobFetchLen:8, byteSlice:0x0, IsAutoCommitting:true, RTrimChar:true, FalseRune:48, TrueRune:49, RsetCfg:ora.RsetCfg{numberInt:0x2, numberBigInt:0x1e, numberFloat:0xa, numberBigFloat:0x1e, binaryDouble:0xa, binaryFloat:0xb, float:0xa, date:0x16, timestamp:0x16, timestampTz:0x16, timestampLtz:0x16, char1:0x18, char:0x18, varchar:0x18, long:0x18, clob:0x18, blob:0x1c, raw:0x1c, longRaw:0x1c, TrueRune:49, Err:error(nil)}, Err:error(nil)}}): Env.OpenSrv Env.ociError ORA-12541: Cannot connect. No listener at host 127.0.0.1 port 1521.
Help: https://docs.oracle.com/error-help/db/ora-12541/

2024/11/13 10:12:28.502  [C] [config.go:507]  C:/Program Files/Go/src/runtime/panic.go:914
2024/11/13 10:12:28.503  [C] [config.go:507]  D:/LDK_Work/Source/golang/src/emst.ziggam.com/controllers/baseController.go:154
2024/11/13 10:12:28.504  [C] [config.go:507]  D:/LDK_Work/Source/golang/pkg/mod/github.com/beego/beego/v2@v2.1.0/server/web/router.go:1196
2024/11/13 10:12:28.507  [C] [config.go:507]  D:/LDK_Work/Source/golang/pkg/mod/github.com/beego/beego/v2@v2.1.0/server/web/filter.go:83
2024/11/13 10:12:28.508  [C] [config.go:507]  D:/LDK_Work/Source/golang/pkg/mod/github.com/beego/beego/v2@v2.1.0/server/web/router.go:1002
2024/11/13 10:12:28.510  [C] [config.go:507]  C:/Program Files/Go/src/net/http/server.go:2938
2024/11/13 10:12:28.511  [C] [config.go:507]  C:/Program Files/Go/src/net/http/server.go:2009
2024/11/13 10:12:28.513  [C] [config.go:507]  C:/Program Files/Go/src/runtime/asm_amd64.s:1650
2024/11/13 10:12:28.729  [D] [baseController.go:75]  running prepare
2024/11/13 10:12:28.730  [D] [baseController.go:138]  mem_no:<nil>, mem_id:<nil>
2024/11/13 10:12:30.873  [C] [config.go:500]  the request url is  /favicon.ico
2024/11/13 10:12:30.874  [C] [config.go:501]  Handler crashed with error OpenSrv(ora.SrvCfg{Dblink:"localhost:1521/xe", Pool:ora.PoolCfg{Type:0x0, Name:"", Username:"", Password:"", Min:0x0, Max:0x0, Incr:0x0}, StmtCfg:ora.StmtCfg{prefetchRowCount:0x80, prefetchMemorySize:0x8000000, longBufferSize:0x1000000, longRawBufferSize:0x1000000, lobBufferSize:16777216, stringPtrBufferSize:4000, fetchLen:128, lobFetchLen:8, byteSlice:0x0, IsAutoCommitting:true, RTrimChar:true, FalseRune:48, TrueRune:49, RsetCfg:ora.RsetCfg{numberInt:0x2, numberBigInt:0x1e, numberFloat:0xa, numberBigFloat:0x1e, binaryDouble:0xa, binaryFloat:0xb, float:0xa, date:0x16, timestamp:0x16, timestampTz:0x16, timestampLtz:0x16, char1:0x18, char:0x18, varchar:0x18, long:0x18, clob:0x18, blob:0x1c, raw:0x1c, longRaw:0x1c, TrueRune:49, Err:error(nil)}, Err:error(nil)}}): Env.OpenSrv Env.ociError ORA-12541: Cannot connect. No listener at host 127.0.0.1 port 1521.
Help: https://docs.oracle.com/error-help/db/ora-12541/

2024/11/13 10:12:30.876  [C] [config.go:507]  C:/Program Files/Go/src/runtime/panic.go:914
2024/11/13 10:12:30.877  [C] [config.go:507]  D:/LDK_Work/Source/golang/src/emst.ziggam.com/controllers/baseController.go:154
2024/11/13 10:12:30.878  [C] [config.go:507]  D:/LDK_Work/Source/golang/pkg/mod/github.com/beego/beego/v2@v2.1.0/server/web/error.go:472
2024/11/13 10:12:30.878  [C] [config.go:507]  D:/LDK_Work/Source/golang/pkg/mod/github.com/beego/beego/v2@v2.1.0/server/web/error.go:442
2024/11/13 10:12:30.880  [C] [config.go:507]  D:/LDK_Work/Source/golang/pkg/mod/github.com/beego/beego/v2@v2.1.0/server/web/router.go:1121
2024/11/13 10:12:30.880  [C] [config.go:507]  D:/LDK_Work/Source/golang/pkg/mod/github.com/beego/beego/v2@v2.1.0/server/web/filter.go:83
2024/11/13 10:12:30.881  [C] [config.go:507]  D:/LDK_Work/Source/golang/pkg/mod/github.com/beego/beego/v2@v2.1.0/server/web/router.go:1002
2024/11/13 10:12:30.882  [C] [config.go:507]  C:/Program Files/Go/src/net/http/server.go:2938
2024/11/13 10:12:30.883  [C] [config.go:507]  C:/Program Files/Go/src/net/http/server.go:2009
2024/11/13 10:12:30.884  [C] [config.go:507]  C:/Program Files/Go/src/runtime/asm_amd64.s:1650
2024/11/13 10:20:22.084  [D] [baseController.go:75]  running prepare
2024/11/13 10:20:22.085  [D] [baseController.go:138]  mem_no:<nil>, mem_id:<nil>
2024/11/13 10:20:22.309  [D] [baseController.go:159]  CALL SP_EMS_ENTP_BASIC_INFO_R('KR', '<nil>', :1)
2024/11/13 10:20:27.667  [D] [router.go:1305]  |            ::1|[47m 302 [0m|   5.5833135s|   match|[44m GET     [0m /admin/banner/list   r:/admin/banner/list
2024/11/13 10:20:27.753  [D] [router.go:1305]  |            ::1|[42m 200 [0m|    64.5311ms|   match|[44m GET     [0m /common/login   r:/common/login
2024/11/13 10:20:47.434  [D] [router.go:1305]  |            ::1|[42m 200 [0m|   2.0602659s|   match|[46m POST    [0m /common/login   r:/common/login
2024/11/13 10:20:47.476  [D] [baseController.go:75]  running prepare
2024/11/13 10:20:47.477  [D] [baseController.go:138]  mem_no:E2019011900001, mem_id:qrate
2024/11/13 10:20:47.723  [D] [baseController.go:159]  CALL SP_EMS_ENTP_BASIC_INFO_R('KR', 'E2019011900001', :1)
2024/11/13 10:20:49.772  [D] [router.go:1305]  |            ::1|[42m 200 [0m|   2.2957504s|   match|[44m GET     [0m /     r:/
2024/11/13 10:20:55.024  [D] [baseController.go:75]  running prepare
2024/11/13 10:20:55.025  [D] [baseController.go:138]  mem_no:E2019011900001, mem_id:qrate
2024/11/13 10:20:55.279  [D] [baseController.go:159]  CALL SP_EMS_ENTP_BASIC_INFO_R('KR', 'E2019011900001', :1)
2024/11/13 10:20:55.861  [D] [router.go:1305]  |            ::1|[42m 200 [0m|   837.0846ms|   match|[44m GET     [0m /admin/notice/list   r:/admin/notice/list
2024/11/13 10:56:06.530  [D] [baseController.go:75]  running prepare
2024/11/13 10:56:06.531  [D] [baseController.go:138]  mem_no:<nil>, mem_id:<nil>
2024/11/13 10:56:06.611  [D] [baseController.go:159]  CALL SP_EMS_ENTP_BASIC_INFO_R('KR', '<nil>', :1)
2024/11/13 10:56:06.763  [D] [router.go:1305]  |            ::1|[47m 302 [0m|   233.1322ms|   match|[44m GET     [0m /admin/banner/list   r:/admin/banner/list
2024/11/13 10:56:06.851  [D] [router.go:1305]  |            ::1|[42m 200 [0m|    64.5351ms|   match|[44m GET     [0m /common/login   r:/common/login
2024/11/13 10:56:08.509  [D] [router.go:1305]  |            ::1|[42m 200 [0m|    91.0808ms|   match|[46m POST    [0m /common/login   r:/common/login
2024/11/13 10:56:08.551  [D] [baseController.go:75]  running prepare
2024/11/13 10:56:08.552  [D] [baseController.go:138]  mem_no:E2019011900001, mem_id:qrate
2024/11/13 10:56:08.632  [D] [baseController.go:159]  CALL SP_EMS_ENTP_BASIC_INFO_R('KR', 'E2019011900001', :1)
2024/11/13 10:56:08.857  [D] [router.go:1305]  |            ::1|[42m 200 [0m|   306.3862ms|   match|[44m GET     [0m /     r:/
2024/11/13 10:56:10.797  [D] [baseController.go:75]  running prepare
2024/11/13 10:56:10.798  [D] [baseController.go:138]  mem_no:E2019011900001, mem_id:qrate
2024/11/13 10:56:10.883  [D] [baseController.go:159]  CALL SP_EMS_ENTP_BASIC_INFO_R('KR', 'E2019011900001', :1)
2024/11/13 10:56:11.070  [D] [router.go:1305]  |            ::1|[42m 200 [0m|   273.1317ms|   match|[44m GET     [0m /admin/notice/list   r:/admin/notice/list
2024/11/13 10:56:12.118  [D] [baseController.go:75]  running prepare
2024/11/13 10:56:12.120  [D] [baseController.go:138]  mem_no:E2019011900001, mem_id:qrate
2024/11/13 10:56:12.201  [D] [baseController.go:159]  CALL SP_EMS_ENTP_BASIC_INFO_R('KR', 'E2019011900001', :1)
2024/11/13 10:56:12.373  [D] [router.go:1305]  |            ::1|[42m 200 [0m|   254.7266ms|   match|[44m GET     [0m /admin/banner/list   r:/admin/banner/list
2024/11/13 10:56:14.092  [D] [baseController.go:75]  running prepare
2024/11/13 10:56:14.094  [D] [baseController.go:138]  mem_no:E2019011900001, mem_id:qrate
2024/11/13 10:56:14.173  [D] [baseController.go:159]  CALL SP_EMS_ENTP_BASIC_INFO_R('KR', 'E2019011900001', :1)
2024/11/13 10:56:14.354  [D] [router.go:1305]  |            ::1|[42m 200 [0m|    261.429ms|   match|[44m GET     [0m /admin/banner/write   r:/admin/banner/write
2024/11/13 10:56:14.651  [D] [router.go:1305]  |            ::1|[42m 200 [0m|   108.2646ms|   match|[46m POST    [0m /common/code/list   r:/common/code/list
2024/11/13 10:56:14.744  [D] [router.go:1305]  |            ::1|[42m 200 [0m|   193.7672ms|   match|[46m POST    [0m /common/code/list   r:/common/code/list
2024/11/13 10:56:14.894  [D] [router.go:1305]  |            ::1|[42m 200 [0m|   334.3465ms|   match|[46m POST    [0m /common/item/list   r:/common/item/list
2024/11/13 10:56:14.948  [D] [router.go:1305]  |            ::1|[42m 200 [0m|   180.9976ms|   match|[46m POST    [0m /common/item/list   r:/common/item/list
2024/11/13 10:56:16.980  [D] [baseController.go:75]  running prepare
2024/11/13 10:56:16.981  [D] [baseController.go:138]  mem_no:E2019011900001, mem_id:qrate
2024/11/13 10:56:17.095  [D] [baseController.go:159]  CALL SP_EMS_ENTP_BASIC_INFO_R('KR', 'E2019011900001', :1)
2024/11/13 10:56:17.338  [D] [router.go:1305]  |            ::1|[42m 200 [0m|   357.8935ms|   match|[44m GET     [0m /admin/banner/list   r:/admin/banner/list
