2024/11/07 10:20:09.381  [I] [server.go:281]  http server Running on http://:7010
2024/11/07 10:20:26.851  [D] [router.go:1305]  |            ::1|[47m 302 [0m|          1ms| nomatch|[44m GET     [0m /  
2024/11/07 10:20:26.893  [D] [router.go:1305]  |            ::1|[42m 200 [0m|    22.9986ms|   match|[44m GET     [0m /login   r:/login
2024/11/07 10:20:33.548  [D] [router.go:1305]  |            ::1|[47m 302 [0m|           0s| nomatch|[44m GET     [0m /  
2024/11/07 10:20:33.592  [D] [router.go:1305]  |            ::1|[42m 200 [0m|    30.5116ms|   match|[44m GET     [0m /login   r:/login
2024/11/07 10:20:44.708  [C] [config.go:500]  the request url is  /login
2024/11/07 10:20:44.708  [C] [config.go:501]  Handler crashed with error OpenSrv(ora.SrvCfg{Dblink:"localhost:1521/xe", Pool:ora.PoolCfg{Type:0x0, Name:"", Username:"", Password:"", Min:0x0, Max:0x0, Incr:0x0}, StmtCfg:ora.StmtCfg{prefetchRowCount:0x80, prefetchMemorySize:0x8000000, longBufferSize:0x1000000, longRawBufferSize:0x1000000, lobBufferSize:16777216, stringPtrBufferSize:4000, fetchLen:128, lobFetchLen:8, byteSlice:0x0, IsAutoCommitting:true, RTrimChar:true, FalseRune:48, TrueRune:49, RsetCfg:ora.RsetCfg{numberInt:0x2, numberBigInt:0x1e, numberFloat:0xa, numberBigFloat:0x1e, binaryDouble:0xa, binaryFloat:0xb, float:0xa, date:0x16, timestamp:0x16, timestampTz:0x16, timestampLtz:0x16, char1:0x18, char:0x18, varchar:0x18, long:0x18, clob:0x18, blob:0x1c, raw:0x1c, longRaw:0x1c, TrueRune:49, Err:error(nil)}, Err:error(nil)}}): Env.OpenSrv Env.ociError ORA-12541: Cannot connect. No listener at host 127.0.0.1 port 1521.
Help: https://docs.oracle.com/error-help/db/ora-12541/

2024/11/07 10:20:44.708  [C] [config.go:507]  C:/Program Files/Go/src/runtime/panic.go:920
2024/11/07 10:20:44.709  [C] [config.go:507]  D:/LDK_Work/Source/golang/src/managert.ziggam.com/controllers/loginController.go:102
2024/11/07 10:20:44.709  [C] [config.go:507]  D:/LDK_Work/Source/golang/pkg/mod/github.com/beego/beego/v2@v2.1.0/server/web/router.go:1215
2024/11/07 10:20:44.709  [C] [config.go:507]  D:/LDK_Work/Source/golang/pkg/mod/github.com/beego/beego/v2@v2.1.0/server/web/filter.go:83
2024/11/07 10:20:44.709  [C] [config.go:507]  D:/LDK_Work/Source/golang/pkg/mod/github.com/beego/beego/v2@v2.1.0/server/web/router.go:1002
2024/11/07 10:20:44.709  [C] [config.go:507]  C:/Program Files/Go/src/net/http/server.go:2938
2024/11/07 10:20:44.710  [C] [config.go:507]  C:/Program Files/Go/src/net/http/server.go:2009
2024/11/07 10:20:44.710  [C] [config.go:507]  C:/Program Files/Go/src/runtime/asm_amd64.s:1650
2024/11/07 10:20:44.753  [D] [router.go:1305]  |            ::1|[47m 302 [0m|           0s| nomatch|[44m GET     [0m /  
2024/11/07 10:20:44.803  [D] [router.go:1305]  |            ::1|[42m 200 [0m|    35.9986ms|   match|[44m GET     [0m /login   r:/login
2024/11/07 10:21:03.368  [C] [config.go:500]  the request url is  /login
2024/11/07 10:21:03.368  [C] [config.go:501]  Handler crashed with error OpenSrv(ora.SrvCfg{Dblink:"localhost:1521/xe", Pool:ora.PoolCfg{Type:0x0, Name:"", Username:"", Password:"", Min:0x0, Max:0x0, Incr:0x0}, StmtCfg:ora.StmtCfg{prefetchRowCount:0x80, prefetchMemorySize:0x8000000, longBufferSize:0x1000000, longRawBufferSize:0x1000000, lobBufferSize:16777216, stringPtrBufferSize:4000, fetchLen:128, lobFetchLen:8, byteSlice:0x0, IsAutoCommitting:true, RTrimChar:true, FalseRune:48, TrueRune:49, RsetCfg:ora.RsetCfg{numberInt:0x2, numberBigInt:0x1e, numberFloat:0xa, numberBigFloat:0x1e, binaryDouble:0xa, binaryFloat:0xb, float:0xa, date:0x16, timestamp:0x16, timestampTz:0x16, timestampLtz:0x16, char1:0x18, char:0x18, varchar:0x18, long:0x18, clob:0x18, blob:0x1c, raw:0x1c, longRaw:0x1c, TrueRune:49, Err:error(nil)}, Err:error(nil)}}): Env.OpenSrv Env.ociError ORA-12541: Cannot connect. No listener at host 127.0.0.1 port 1521.
Help: https://docs.oracle.com/error-help/db/ora-12541/

2024/11/07 10:21:03.368  [C] [config.go:507]  C:/Program Files/Go/src/runtime/panic.go:920
2024/11/07 10:21:03.368  [C] [config.go:507]  D:/LDK_Work/Source/golang/src/managert.ziggam.com/controllers/loginController.go:102
2024/11/07 10:21:03.368  [C] [config.go:507]  D:/LDK_Work/Source/golang/pkg/mod/github.com/beego/beego/v2@v2.1.0/server/web/router.go:1215
2024/11/07 10:21:03.368  [C] [config.go:507]  D:/LDK_Work/Source/golang/pkg/mod/github.com/beego/beego/v2@v2.1.0/server/web/filter.go:83
2024/11/07 10:21:03.368  [C] [config.go:507]  D:/LDK_Work/Source/golang/pkg/mod/github.com/beego/beego/v2@v2.1.0/server/web/router.go:1002
2024/11/07 10:21:03.368  [C] [config.go:507]  C:/Program Files/Go/src/net/http/server.go:2938
2024/11/07 10:21:03.368  [C] [config.go:507]  C:/Program Files/Go/src/net/http/server.go:2009
2024/11/07 10:21:03.369  [C] [config.go:507]  C:/Program Files/Go/src/runtime/asm_amd64.s:1650
2024/11/07 10:21:03.414  [D] [router.go:1305]  |            ::1|[47m 302 [0m|           0s| nomatch|[44m GET     [0m /  
2024/11/07 10:21:03.447  [D] [router.go:1305]  |            ::1|[42m 200 [0m|    19.4155ms|   match|[44m GET     [0m /login   r:/login
2024/11/07 10:24:27.449  [D] [template.go:71]  template Execute err: template: main/main.html:11:43: executing "body" at <eq "" .BnrGrpTypCd>: error calling eq: invalid type for comparison
2024/11/07 10:24:27.449  [E] [router.go:1246]  template: main/main.html:11:43: executing "body" at <eq "" .BnrGrpTypCd>: error calling eq: invalid type for comparison
2024/11/07 10:24:27.449  [D] [router.go:1305]  |            ::1|[42m 200 [0m|   591.6175ms|   match|[46m POST    [0m /login   r:/login
2024/11/07 10:24:27.518  [D] [router.go:1305]  |            ::1|[42m 200 [0m|    35.0279ms|   match|[44m GET     [0m /     r:/
2024/11/07 10:24:30.251  [C] [config.go:500]  the request url is  /api/banner/list
2024/11/07 10:24:30.251  [C] [config.go:501]  Handler crashed with error Stmt.exeC Env.ociError ORA-06576: not a valid function or procedure name
Help: https://docs.oracle.com/error-help/db/ora-06576/

2024/11/07 10:24:30.251  [C] [config.go:507]  C:/Program Files/Go/src/runtime/panic.go:920
2024/11/07 10:24:30.251  [C] [config.go:507]  D:/LDK_Work/Source/golang/src/managert.ziggam.com/controllers/apiGetBannerGroupListController.go:73
2024/11/07 10:24:30.251  [C] [config.go:507]  D:/LDK_Work/Source/golang/pkg/mod/github.com/beego/beego/v2@v2.1.0/server/web/router.go:1213
2024/11/07 10:24:30.251  [C] [config.go:507]  D:/LDK_Work/Source/golang/pkg/mod/github.com/beego/beego/v2@v2.1.0/server/web/filter.go:83
2024/11/07 10:24:30.251  [C] [config.go:507]  D:/LDK_Work/Source/golang/pkg/mod/github.com/beego/beego/v2@v2.1.0/server/web/router.go:1002
2024/11/07 10:24:30.252  [C] [config.go:507]  C:/Program Files/Go/src/net/http/server.go:2938
2024/11/07 10:24:30.252  [C] [config.go:507]  C:/Program Files/Go/src/net/http/server.go:2009
2024/11/07 10:24:30.252  [C] [config.go:507]  C:/Program Files/Go/src/runtime/asm_amd64.s:1650
2024/11/07 10:45:06.687  [D] [router.go:1305]  |            ::1|[47m 302 [0m|           0s| nomatch|[44m GET     [0m /  
2024/11/07 10:45:06.727  [D] [router.go:1305]  |            ::1|[42m 200 [0m|    26.0001ms|   match|[44m GET     [0m /login   r:/login
2024/11/07 10:48:23.927  [I] [server.go:281]  http server Running on http://:7010
2024/11/07 10:48:32.581  [D] [router.go:1305]  |            ::1|[42m 200 [0m|    25.0851ms|   match|[44m GET     [0m /login   r:/login
2024/11/07 10:48:43.008  [D] [router.go:1305]  |            ::1|[42m 200 [0m|    41.3093ms|   match|[44m GET     [0m /login   r:/login
2024/11/07 10:48:45.810  [D] [template.go:71]  template Execute err: template: main/main.html:11:43: executing "body" at <eq "" .BnrGrpTypCd>: error calling eq: invalid type for comparison
2024/11/07 10:48:45.810  [E] [router.go:1246]  template: main/main.html:11:43: executing "body" at <eq "" .BnrGrpTypCd>: error calling eq: invalid type for comparison
2024/11/07 10:48:45.810  [D] [router.go:1305]  |            ::1|[42m 200 [0m|   231.1544ms|   match|[46m POST    [0m /login   r:/login
2024/11/07 10:48:45.891  [D] [router.go:1305]  |            ::1|[42m 200 [0m|    44.1033ms|   match|[44m GET     [0m /     r:/
2024/11/07 10:48:53.939  [D] [apiGetBannerGroupListController.go:49]  CALL MNG_LIST_GROUP_BANNER_INFO('KR', 'ALL', '0', '0', '20190101', '20250207', '', :1)
2024/11/07 10:49:12.397  [D] [router.go:1305]  |            ::1|[42m 200 [0m|  26.2646859s|   match|[44m GET     [0m /api/banner/list   r:/api/banner/list
2024/11/07 10:49:23.373  [D] [router.go:1305]  |            ::1|[42m 200 [0m|    47.8132ms|   match|[44m GET     [0m /main   r:/main
2024/11/07 10:49:27.115  [D] [apiGetBannerGroupListController.go:49]  CALL MNG_LIST_GROUP_BANNER_INFO('KR', 'RL', '0', '0', '20190101', '20250207', '', :1)
2024/11/07 10:49:27.136  [D] [router.go:1305]  |            ::1|[42m 200 [0m|   3.5530091s|   match|[44m GET     [0m /api/banner/list   r:/api/banner/list
2024/11/07 10:49:35.512  [D] [router.go:1305]  |            ::1|[42m 200 [0m|    15.9987ms|   match|[44m GET     [0m /main   r:/main
2024/11/07 10:49:36.867  [D] [apiGetBannerGroupListController.go:49]  CALL MNG_LIST_GROUP_BANNER_INFO('KR', 'GD', '0', '0', '20190101', '20250207', '', :1)
2024/11/07 10:49:36.881  [D] [router.go:1305]  |            ::1|[42m 200 [0m|   1.0831011s|   match|[44m GET     [0m /api/banner/list   r:/api/banner/list
2024/11/07 10:49:37.477  [D] [router.go:1305]  |            ::1|[42m 200 [0m|    62.0025ms|   match|[44m GET     [0m /main   r:/main
2024/11/07 10:49:37.783  [D] [apiGetBannerGroupListController.go:49]  CALL MNG_LIST_GROUP_BANNER_INFO('KR', 'CL', '0', '0', '20190101', '20250207', '', :1)
2024/11/07 10:49:37.796  [D] [router.go:1305]  |            ::1|[42m 200 [0m|   118.9717ms|   match|[44m GET     [0m /api/banner/list   r:/api/banner/list
2024/11/07 10:51:13.242  [D] [router.go:1305]  |            ::1|[42m 200 [0m|    35.5301ms|   match|[44m GET     [0m /main   r:/main
2024/11/07 10:51:13.733  [D] [apiGetBannerGroupListController.go:49]  CALL MNG_LIST_GROUP_BANNER_INFO('KR', 'ALL', '0', '0', '20190101', '20250207', '', :1)
2024/11/07 10:51:13.744  [D] [router.go:1305]  |            ::1|[42m 200 [0m|   289.8804ms|   match|[44m GET     [0m /api/banner/list   r:/api/banner/list
2024/11/07 10:51:14.982  [D] [router.go:1305]  |            ::1|[42m 200 [0m|    17.3285ms|   match|[44m GET     [0m /main   r:/main
2024/11/07 10:51:15.382  [D] [apiGetBannerGroupListController.go:49]  CALL MNG_LIST_GROUP_BANNER_INFO('KR', 'RL', '0', '0', '20190101', '20250207', '', :1)
2024/11/07 10:51:15.395  [D] [router.go:1305]  |            ::1|[42m 200 [0m|   120.8045ms|   match|[44m GET     [0m /api/banner/list   r:/api/banner/list
2024/11/07 10:51:16.190  [D] [router.go:1305]  |            ::1|[42m 200 [0m|    44.2121ms|   match|[44m GET     [0m /main   r:/main
2024/11/07 10:51:18.911  [D] [apiGetBannerGroupListController.go:49]  CALL MNG_LIST_GROUP_BANNER_INFO('KR', 'GD', '0', '0', '20190101', '20250207', '', :1)
2024/11/07 10:51:18.924  [D] [router.go:1305]  |            ::1|[42m 200 [0m|   2.5178039s|   match|[44m GET     [0m /api/banner/list   r:/api/banner/list
2024/11/07 10:51:18.944  [D] [router.go:1305]  |            ::1|[42m 200 [0m|   1.4073442s|   match|[44m GET     [0m /main   r:/main
2024/11/07 10:51:19.313  [D] [apiGetBannerGroupListController.go:49]  CALL MNG_LIST_GROUP_BANNER_INFO('KR', 'CL', '0', '0', '20190101', '20250207', '', :1)
2024/11/07 10:51:19.328  [D] [router.go:1305]  |            ::1|[42m 200 [0m|   137.6318ms|   match|[44m GET     [0m /api/banner/list   r:/api/banner/list
2024/11/07 11:31:14.575  [I] [server.go:281]  http server Running on http://:7010
2024/11/07 11:31:23.770  [D] [router.go:1305]  |            ::1|[47m 302 [0m|      694.5µs| nomatch|[44m GET     [0m /  
2024/11/07 11:31:23.815  [D] [router.go:1305]  |            ::1|[42m 200 [0m|     24.491ms|   match|[44m GET     [0m /login   r:/login
2024/11/07 11:31:26.904  [D] [template.go:71]  template Execute err: template: main/main.html:11:43: executing "body" at <eq "" .BnrGrpTypCd>: error calling eq: invalid type for comparison
2024/11/07 11:31:26.904  [E] [router.go:1246]  template: main/main.html:11:43: executing "body" at <eq "" .BnrGrpTypCd>: error calling eq: invalid type for comparison
2024/11/07 11:31:26.904  [D] [router.go:1305]  |            ::1|[42m 200 [0m|    256.573ms|   match|[46m POST    [0m /login   r:/login
2024/11/07 11:31:26.943  [D] [router.go:1305]  |            ::1|[47m 302 [0m|           0s| nomatch|[44m GET     [0m /  
2024/11/07 11:31:26.981  [D] [router.go:1305]  |            ::1|[42m 200 [0m|    25.8426ms|   match|[44m GET     [0m /login   r:/login
2024/11/07 11:36:11.822  [D] [template.go:71]  template Execute err: template: main/main.html:11:43: executing "body" at <eq "" .BnrGrpTypCd>: error calling eq: invalid type for comparison
2024/11/07 11:36:11.822  [E] [router.go:1246]  template: main/main.html:11:43: executing "body" at <eq "" .BnrGrpTypCd>: error calling eq: invalid type for comparison
2024/11/07 11:36:11.822  [D] [router.go:1305]  |            ::1|[42m 200 [0m|   2.3599792s|   match|[46m POST    [0m /login   r:/login
2024/11/07 11:36:11.867  [D] [router.go:1305]  |            ::1|[47m 302 [0m|           0s| nomatch|[44m GET     [0m /  
2024/11/07 11:36:11.904  [D] [router.go:1305]  |            ::1|[42m 200 [0m|    25.4575ms|   match|[44m GET     [0m /login   r:/login
2024/11/07 11:48:35.572  [D] [template.go:71]  template Execute err: template: main/main.html:11:43: executing "body" at <eq "" .BnrGrpTypCd>: error calling eq: invalid type for comparison
2024/11/07 11:48:35.573  [E] [router.go:1246]  template: main/main.html:11:43: executing "body" at <eq "" .BnrGrpTypCd>: error calling eq: invalid type for comparison
2024/11/07 11:48:35.573  [D] [router.go:1305]  |            ::1|[42m 200 [0m|   35.143901s|   match|[46m POST    [0m /login   r:/login
2024/11/07 11:48:35.617  [D] [router.go:1305]  |            ::1|[47m 302 [0m|           0s| nomatch|[44m GET     [0m /  
2024/11/07 11:48:35.643  [D] [router.go:1305]  |            ::1|[42m 200 [0m|    14.0857ms|   match|[44m GET     [0m /login   r:/login
2024/11/07 11:51:19.566  [D] [template.go:71]  template Execute err: template: main/main.html:11:43: executing "body" at <eq "" .BnrGrpTypCd>: error calling eq: invalid type for comparison
2024/11/07 11:51:19.567  [E] [router.go:1246]  template: main/main.html:11:43: executing "body" at <eq "" .BnrGrpTypCd>: error calling eq: invalid type for comparison
2024/11/07 11:51:19.567  [D] [router.go:1305]  |            ::1|[42m 200 [0m|  14.2351266s|   match|[46m POST    [0m /login   r:/login
2024/11/07 11:51:19.638  [D] [router.go:1305]  |            ::1|[42m 200 [0m|    34.0023ms|   match|[44m GET     [0m /     r:/
2024/11/07 11:51:21.033  [D] [apiGetBannerGroupListController.go:49]  CALL MNG_LIST_GROUP_BANNER_INFO('KR', 'ALL', '0', '0', '20190101', '20250207', '', :1)
2024/11/07 11:51:21.089  [D] [router.go:1305]  |            ::1|[42m 200 [0m|   1.1734305s|   match|[44m GET     [0m /api/banner/list   r:/api/banner/list
2024/11/07 11:51:23.899  [D] [router.go:1305]  |            ::1|[42m 200 [0m|    182.303ms|   match|[44m GET     [0m /contents   r:/contents
2024/11/07 11:51:24.361  [D] [router.go:1305]  |            ::1|[42m 200 [0m|   146.7961ms|   match|[44m GET     [0m /api/banner/detail/list   r:/api/banner/detail/list
2024/11/07 11:51:28.596  [D] [router.go:1305]  |            ::1|[42m 200 [0m|   147.0373ms|   match|[44m GET     [0m /api/banner/detail   r:/api/banner/detail
2024/11/07 11:51:29.016  [D] [router.go:1305]  |            ::1|[42m 200 [0m|   208.8798ms|   match|[44m GET     [0m /api/content/link/option/list   r:/api/content/link/option/list
2024/11/07 11:51:29.205  [D] [router.go:1305]  |            ::1|[42m 200 [0m|   148.9581ms|   match|[44m GET     [0m /api/content/link/option/list   r:/api/content/link/option/list
2024/11/07 11:52:22.364  [D] [router.go:1305]  |            ::1|[42m 200 [0m|   120.5591ms|   match|[44m GET     [0m /api/banner/detail   r:/api/banner/detail
2024/11/07 11:52:22.671  [D] [router.go:1305]  |            ::1|[42m 200 [0m|   165.1934ms|   match|[44m GET     [0m /api/content/link/option/list   r:/api/content/link/option/list
2024/11/07 11:52:22.841  [D] [router.go:1305]  |            ::1|[42m 200 [0m|   126.2691ms|   match|[44m GET     [0m /api/content/link/option/list   r:/api/content/link/option/list
2024/11/07 11:56:01.940  [D] [router.go:1305]  |            ::1|[42m 200 [0m|   411.0026ms|   match|[44m GET     [0m /     r:/
2024/11/07 11:56:02.726  [D] [apiGetBannerGroupListController.go:49]  CALL MNG_LIST_GROUP_BANNER_INFO('KR', 'ALL', '0', '0', '20190101', '20250207', '', :1)
2024/11/07 11:56:02.739  [D] [router.go:1305]  |            ::1|[42m 200 [0m|   122.0001ms|   match|[44m GET     [0m /api/banner/list   r:/api/banner/list
2024/11/07 11:56:21.160  [D] [router.go:1305]  |            ::1|[42m 200 [0m|   344.6741ms|   match|[44m GET     [0m /contents   r:/contents
2024/11/07 11:56:22.323  [D] [router.go:1305]  |            ::1|[42m 200 [0m|   126.0087ms|   match|[44m GET     [0m /api/banner/detail/list   r:/api/banner/detail/list
2024/11/07 11:58:20.942  [D] [router.go:1305]  |            ::1|[42m 200 [0m|   1.3960325s|   match|[44m GET     [0m /api/banner/detail   r:/api/banner/detail
2024/11/07 11:58:21.754  [D] [router.go:1305]  |            ::1|[42m 200 [0m|    250.606ms|   match|[44m GET     [0m /api/content/link/option/list   r:/api/content/link/option/list
2024/11/07 11:58:21.953  [D] [router.go:1305]  |            ::1|[42m 200 [0m|   129.3323ms|   match|[44m GET     [0m /api/content/link/option/list   r:/api/content/link/option/list
2024/11/07 12:05:21.581  [I] [server.go:281]  http server Running on http://:7010
2024/11/07 12:05:30.723  [D] [router.go:1305]  |            ::1|[47m 302 [0m|     1.0009ms| nomatch|[44m GET     [0m /  
2024/11/07 12:05:30.755  [D] [router.go:1305]  |            ::1|[42m 200 [0m|    21.0008ms|   match|[44m GET     [0m /login   r:/login
2024/11/07 12:05:38.054  [C] [config.go:500]  the request url is  /login
2024/11/07 12:05:38.055  [C] [config.go:501]  Handler crashed with error OpenSrv(ora.SrvCfg{Dblink:"localhost:1521/xe", Pool:ora.PoolCfg{Type:0x0, Name:"", Username:"", Password:"", Min:0x0, Max:0x0, Incr:0x0}, StmtCfg:ora.StmtCfg{prefetchRowCount:0x80, prefetchMemorySize:0x8000000, longBufferSize:0x1000000, longRawBufferSize:0x1000000, lobBufferSize:16777216, stringPtrBufferSize:4000, fetchLen:128, lobFetchLen:8, byteSlice:0x0, IsAutoCommitting:true, RTrimChar:true, FalseRune:48, TrueRune:49, RsetCfg:ora.RsetCfg{numberInt:0x2, numberBigInt:0x1e, numberFloat:0xa, numberBigFloat:0x1e, binaryDouble:0xa, binaryFloat:0xb, float:0xa, date:0x16, timestamp:0x16, timestampTz:0x16, timestampLtz:0x16, char1:0x18, char:0x18, varchar:0x18, long:0x18, clob:0x18, blob:0x1c, raw:0x1c, longRaw:0x1c, TrueRune:49, Err:error(nil)}, Err:error(nil)}}): Env.OpenSrv Env.ociError ORA-12541: Cannot connect. No listener at host 127.0.0.1 port 1521.
Help: https://docs.oracle.com/error-help/db/ora-12541/

2024/11/07 12:05:38.055  [C] [config.go:507]  C:/Program Files/Go/src/runtime/panic.go:920
2024/11/07 12:05:38.055  [C] [config.go:507]  D:/LDK_Work/Source/golang/src/managert.ziggam.com/controllers/loginController.go:102
2024/11/07 12:05:38.055  [C] [config.go:507]  D:/LDK_Work/Source/golang/pkg/mod/github.com/beego/beego/v2@v2.1.0/server/web/router.go:1215
2024/11/07 12:05:38.055  [C] [config.go:507]  D:/LDK_Work/Source/golang/pkg/mod/github.com/beego/beego/v2@v2.1.0/server/web/filter.go:83
2024/11/07 12:05:38.055  [C] [config.go:507]  D:/LDK_Work/Source/golang/pkg/mod/github.com/beego/beego/v2@v2.1.0/server/web/router.go:1002
2024/11/07 12:05:38.055  [C] [config.go:507]  C:/Program Files/Go/src/net/http/server.go:2938
2024/11/07 12:05:38.055  [C] [config.go:507]  C:/Program Files/Go/src/net/http/server.go:2009
2024/11/07 12:05:38.055  [C] [config.go:507]  C:/Program Files/Go/src/runtime/asm_amd64.s:1650
2024/11/07 12:05:38.115  [D] [router.go:1305]  |            ::1|[47m 302 [0m|           0s| nomatch|[44m GET     [0m /  
2024/11/07 12:05:38.167  [D] [router.go:1305]  |            ::1|[42m 200 [0m|    38.0202ms|   match|[44m GET     [0m /login   r:/login
2024/11/07 12:05:52.008  [C] [config.go:500]  the request url is  /login
2024/11/07 12:05:52.008  [C] [config.go:501]  Handler crashed with error OpenSrv(ora.SrvCfg{Dblink:"localhost:1521/xe", Pool:ora.PoolCfg{Type:0x0, Name:"", Username:"", Password:"", Min:0x0, Max:0x0, Incr:0x0}, StmtCfg:ora.StmtCfg{prefetchRowCount:0x80, prefetchMemorySize:0x8000000, longBufferSize:0x1000000, longRawBufferSize:0x1000000, lobBufferSize:16777216, stringPtrBufferSize:4000, fetchLen:128, lobFetchLen:8, byteSlice:0x0, IsAutoCommitting:true, RTrimChar:true, FalseRune:48, TrueRune:49, RsetCfg:ora.RsetCfg{numberInt:0x2, numberBigInt:0x1e, numberFloat:0xa, numberBigFloat:0x1e, binaryDouble:0xa, binaryFloat:0xb, float:0xa, date:0x16, timestamp:0x16, timestampTz:0x16, timestampLtz:0x16, char1:0x18, char:0x18, varchar:0x18, long:0x18, clob:0x18, blob:0x1c, raw:0x1c, longRaw:0x1c, TrueRune:49, Err:error(nil)}, Err:error(nil)}}): Env.OpenSrv Env.ociError ORA-12541: Cannot connect. No listener at host 127.0.0.1 port 1521.
Help: https://docs.oracle.com/error-help/db/ora-12541/

2024/11/07 12:05:52.008  [C] [config.go:507]  C:/Program Files/Go/src/runtime/panic.go:920
2024/11/07 12:05:52.008  [C] [config.go:507]  D:/LDK_Work/Source/golang/src/managert.ziggam.com/controllers/loginController.go:102
2024/11/07 12:05:52.008  [C] [config.go:507]  D:/LDK_Work/Source/golang/pkg/mod/github.com/beego/beego/v2@v2.1.0/server/web/router.go:1215
2024/11/07 12:05:52.008  [C] [config.go:507]  D:/LDK_Work/Source/golang/pkg/mod/github.com/beego/beego/v2@v2.1.0/server/web/filter.go:83
2024/11/07 12:05:52.009  [C] [config.go:507]  D:/LDK_Work/Source/golang/pkg/mod/github.com/beego/beego/v2@v2.1.0/server/web/router.go:1002
2024/11/07 12:05:52.009  [C] [config.go:507]  C:/Program Files/Go/src/net/http/server.go:2938
2024/11/07 12:05:52.009  [C] [config.go:507]  C:/Program Files/Go/src/net/http/server.go:2009
2024/11/07 12:05:52.009  [C] [config.go:507]  C:/Program Files/Go/src/runtime/asm_amd64.s:1650
2024/11/07 12:05:52.096  [D] [router.go:1305]  |            ::1|[47m 302 [0m|           0s| nomatch|[44m GET     [0m /  
2024/11/07 12:05:52.142  [D] [router.go:1305]  |            ::1|[42m 200 [0m|    32.0001ms|   match|[44m GET     [0m /login   r:/login
2024/11/07 12:06:09.893  [C] [config.go:500]  the request url is  /login
2024/11/07 12:06:09.893  [C] [config.go:501]  Handler crashed with error OpenSrv(ora.SrvCfg{Dblink:"localhost:1521/xe", Pool:ora.PoolCfg{Type:0x0, Name:"", Username:"", Password:"", Min:0x0, Max:0x0, Incr:0x0}, StmtCfg:ora.StmtCfg{prefetchRowCount:0x80, prefetchMemorySize:0x8000000, longBufferSize:0x1000000, longRawBufferSize:0x1000000, lobBufferSize:16777216, stringPtrBufferSize:4000, fetchLen:128, lobFetchLen:8, byteSlice:0x0, IsAutoCommitting:true, RTrimChar:true, FalseRune:48, TrueRune:49, RsetCfg:ora.RsetCfg{numberInt:0x2, numberBigInt:0x1e, numberFloat:0xa, numberBigFloat:0x1e, binaryDouble:0xa, binaryFloat:0xb, float:0xa, date:0x16, timestamp:0x16, timestampTz:0x16, timestampLtz:0x16, char1:0x18, char:0x18, varchar:0x18, long:0x18, clob:0x18, blob:0x1c, raw:0x1c, longRaw:0x1c, TrueRune:49, Err:error(nil)}, Err:error(nil)}}): Env.OpenSrv Env.ociError ORA-12541: Cannot connect. No listener at host 127.0.0.1 port 1521.
Help: https://docs.oracle.com/error-help/db/ora-12541/

2024/11/07 12:06:09.893  [C] [config.go:507]  C:/Program Files/Go/src/runtime/panic.go:920
2024/11/07 12:06:09.893  [C] [config.go:507]  D:/LDK_Work/Source/golang/src/managert.ziggam.com/controllers/loginController.go:102
2024/11/07 12:06:09.893  [C] [config.go:507]  D:/LDK_Work/Source/golang/pkg/mod/github.com/beego/beego/v2@v2.1.0/server/web/router.go:1215
2024/11/07 12:06:09.893  [C] [config.go:507]  D:/LDK_Work/Source/golang/pkg/mod/github.com/beego/beego/v2@v2.1.0/server/web/filter.go:83
2024/11/07 12:06:09.893  [C] [config.go:507]  D:/LDK_Work/Source/golang/pkg/mod/github.com/beego/beego/v2@v2.1.0/server/web/router.go:1002
2024/11/07 12:06:09.893  [C] [config.go:507]  C:/Program Files/Go/src/net/http/server.go:2938
2024/11/07 12:06:09.893  [C] [config.go:507]  C:/Program Files/Go/src/net/http/server.go:2009
2024/11/07 12:06:09.893  [C] [config.go:507]  C:/Program Files/Go/src/runtime/asm_amd64.s:1650
2024/11/07 12:06:09.983  [D] [router.go:1305]  |            ::1|[47m 302 [0m|           0s| nomatch|[44m GET     [0m /  
2024/11/07 12:06:10.017  [D] [router.go:1305]  |            ::1|[42m 200 [0m|     18.999ms|   match|[44m GET     [0m /login   r:/login
2024/11/07 12:09:41.187  [D] [template.go:71]  template Execute err: template: main/main.html:11:43: executing "body" at <eq "" .BnrGrpTypCd>: error calling eq: invalid type for comparison
2024/11/07 12:09:41.187  [E] [router.go:1246]  template: main/main.html:11:43: executing "body" at <eq "" .BnrGrpTypCd>: error calling eq: invalid type for comparison
2024/11/07 12:09:41.187  [D] [router.go:1305]  |            ::1|[42m 200 [0m|   2.4152299s|   match|[46m POST    [0m /login   r:/login
2024/11/07 12:09:41.236  [D] [router.go:1305]  |            ::1|[42m 200 [0m|    18.0021ms|   match|[44m GET     [0m /     r:/
2024/11/07 12:09:42.291  [D] [apiGetBannerGroupListController.go:49]  CALL MNG_LIST_GROUP_BANNER_INFO('KR', 'ALL', '0', '0', '20190101', '20250207', '', :1)
2024/11/07 12:09:42.366  [D] [router.go:1305]  |            ::1|[42m 200 [0m|   318.3437ms|   match|[44m GET     [0m /api/banner/list   r:/api/banner/list
2024/11/07 12:09:46.014  [D] [router.go:1305]  |            ::1|[42m 200 [0m|    1.346268s|   match|[44m GET     [0m /contents   r:/contents
2024/11/07 12:09:47.336  [D] [router.go:1305]  |            ::1|[42m 200 [0m|   174.9459ms|   match|[44m GET     [0m /api/banner/detail/list   r:/api/banner/detail/list
2024/11/07 12:09:52.128  [D] [router.go:1305]  |            ::1|[47m 302 [0m|           0s| nomatch|[44m GET     [0m /  
2024/11/07 12:09:52.151  [D] [router.go:1305]  |            ::1|[42m 200 [0m|    13.6375ms|   match|[44m GET     [0m /login   r:/login
2024/11/07 12:09:59.009  [D] [router.go:1305]  |            ::1|[47m 302 [0m|           0s| nomatch|[44m GET     [0m /  
2024/11/07 12:09:59.045  [D] [router.go:1305]  |            ::1|[42m 200 [0m|    23.9994ms|   match|[44m GET     [0m /login   r:/login
2024/11/07 12:10:03.594  [D] [template.go:71]  template Execute err: template: main/main.html:11:43: executing "body" at <eq "" .BnrGrpTypCd>: error calling eq: invalid type for comparison
2024/11/07 12:10:03.594  [E] [router.go:1246]  template: main/main.html:11:43: executing "body" at <eq "" .BnrGrpTypCd>: error calling eq: invalid type for comparison
2024/11/07 12:10:03.594  [D] [router.go:1305]  |            ::1|[42m 200 [0m|   2.4462287s|   match|[46m POST    [0m /login   r:/login
2024/11/07 12:10:03.664  [D] [router.go:1305]  |            ::1|[42m 200 [0m|    36.0003ms|   match|[44m GET     [0m /     r:/
2024/11/07 12:10:04.676  [D] [apiGetBannerGroupListController.go:49]  CALL MNG_LIST_GROUP_BANNER_INFO('KR', 'ALL', '0', '0', '20190101', '20250207', '', :1)
2024/11/07 12:10:04.710  [D] [router.go:1305]  |            ::1|[42m 200 [0m|   234.9186ms|   match|[44m GET     [0m /api/banner/list   r:/api/banner/list
2024/11/07 12:10:07.483  [D] [router.go:1305]  |            ::1|[42m 200 [0m|   159.0744ms|   match|[44m GET     [0m /contents   r:/contents
2024/11/07 12:10:08.643  [D] [router.go:1305]  |            ::1|[42m 200 [0m|   111.0459ms|   match|[44m GET     [0m /api/banner/detail/list   r:/api/banner/detail/list
2024/11/07 12:10:12.239  [D] [router.go:1305]  |            ::1|[47m 302 [0m|           0s| nomatch|[44m GET     [0m /api/banner/detail
2024/11/07 12:10:12.271  [D] [router.go:1305]  |            ::1|[42m 200 [0m|    25.5423ms|   match|[44m GET     [0m /login   r:/login
2024/11/07 12:10:19.445  [D] [router.go:1305]  |            ::1|[47m 302 [0m|           0s| nomatch|[44m GET     [0m /api/banner/detail
2024/11/07 12:10:19.468  [D] [router.go:1305]  |            ::1|[42m 200 [0m|    15.0984ms|   match|[44m GET     [0m /login   r:/login
2024/11/07 12:10:32.140  [D] [router.go:1305]  |            ::1|[47m 302 [0m|      592.1µs| nomatch|[44m GET     [0m /api/banner/detail
2024/11/07 12:10:32.161  [D] [router.go:1305]  |            ::1|[42m 200 [0m|    14.8133ms|   match|[44m GET     [0m /login   r:/login
2024/11/07 12:11:22.259  [D] [router.go:1305]  |            ::1|[47m 302 [0m|           0s| nomatch|[44m GET     [0m /api/banner/detail
2024/11/07 12:11:22.292  [D] [router.go:1305]  |            ::1|[42m 200 [0m|    26.0004ms|   match|[44m GET     [0m /login   r:/login
2024/11/07 12:11:43.336  [D] [router.go:1305]  |            ::1|[47m 302 [0m|           0s| nomatch|[44m GET     [0m /  
2024/11/07 12:11:43.358  [D] [router.go:1305]  |            ::1|[42m 200 [0m|     15.082ms|   match|[44m GET     [0m /login   r:/login
2024/11/07 12:11:47.490  [D] [template.go:71]  template Execute err: template: main/main.html:11:43: executing "body" at <eq "" .BnrGrpTypCd>: error calling eq: invalid type for comparison
2024/11/07 12:11:47.490  [E] [router.go:1246]  template: main/main.html:11:43: executing "body" at <eq "" .BnrGrpTypCd>: error calling eq: invalid type for comparison
2024/11/07 12:11:47.490  [D] [router.go:1305]  |            ::1|[42m 200 [0m|   2.2268504s|   match|[46m POST    [0m /login   r:/login
2024/11/07 12:11:47.555  [D] [router.go:1305]  |            ::1|[42m 200 [0m|    18.7562ms|   match|[44m GET     [0m /     r:/
2024/11/07 12:11:48.261  [D] [apiGetBannerGroupListController.go:49]  CALL MNG_LIST_GROUP_BANNER_INFO('KR', 'ALL', '0', '0', '20190101', '20250207', '', :1)
2024/11/07 12:11:48.274  [D] [router.go:1305]  |            ::1|[42m 200 [0m|   127.8531ms|   match|[44m GET     [0m /api/banner/list   r:/api/banner/list
2024/11/07 12:13:57.639  [D] [router.go:1305]  |            ::1|[42m 200 [0m|   216.9735ms|   match|[44m GET     [0m /contents   r:/contents
2024/11/07 12:13:58.563  [D] [router.go:1305]  |            ::1|[42m 200 [0m|   111.9995ms|   match|[44m GET     [0m /api/banner/detail/list   r:/api/banner/detail/list
2024/11/07 12:18:19.142  [D] [router.go:1305]  |            ::1|[47m 302 [0m|           0s| nomatch|[44m GET     [0m /  
2024/11/07 12:18:19.173  [D] [router.go:1305]  |            ::1|[42m 200 [0m|    23.8953ms|   match|[44m GET     [0m /login   r:/login
2024/11/07 12:18:31.573  [D] [template.go:71]  template Execute err: template: main/main.html:11:43: executing "body" at <eq "" .BnrGrpTypCd>: error calling eq: invalid type for comparison
2024/11/07 12:18:31.573  [E] [router.go:1246]  template: main/main.html:11:43: executing "body" at <eq "" .BnrGrpTypCd>: error calling eq: invalid type for comparison
2024/11/07 12:18:31.573  [D] [router.go:1305]  |            ::1|[42m 200 [0m|   5.6962918s|   match|[46m POST    [0m /login   r:/login
2024/11/07 12:18:31.625  [D] [router.go:1305]  |            ::1|[42m 200 [0m|    18.9992ms|   match|[44m GET     [0m /     r:/
2024/11/07 12:18:32.279  [D] [apiGetBannerGroupListController.go:49]  CALL MNG_LIST_GROUP_BANNER_INFO('KR', 'ALL', '0', '0', '20190101', '20250207', '', :1)
2024/11/07 12:18:32.293  [D] [router.go:1305]  |            ::1|[42m 200 [0m|   108.9997ms|   match|[44m GET     [0m /api/banner/list   r:/api/banner/list
2024/11/07 12:20:40.717  [D] [router.go:1305]  |            ::1|[42m 200 [0m|    87.7305ms|   match|[44m GET     [0m /main   r:/main
2024/11/07 12:20:41.362  [D] [apiGetBannerGroupListController.go:49]  CALL MNG_LIST_GROUP_BANNER_INFO('KR', 'RL', '0', '0', '20190101', '20250207', '', :1)
2024/11/07 12:20:41.378  [D] [router.go:1305]  |            ::1|[42m 200 [0m|   147.2089ms|   match|[44m GET     [0m /api/banner/list   r:/api/banner/list
2024/11/07 12:20:51.803  [D] [router.go:1305]  |            ::1|[42m 200 [0m|    21.1048ms|   match|[44m GET     [0m /main   r:/main
2024/11/07 12:20:53.043  [D] [apiGetBannerGroupListController.go:49]  CALL MNG_LIST_GROUP_BANNER_INFO('KR', 'GD', '0', '0', '20190101', '20250207', '', :1)
2024/11/07 12:20:53.056  [D] [router.go:1305]  |            ::1|[42m 200 [0m|    98.4877ms|   match|[44m GET     [0m /api/banner/list   r:/api/banner/list
2024/11/07 12:20:54.891  [D] [router.go:1305]  |            ::1|[42m 200 [0m|    151.012ms|   match|[44m GET     [0m /contents   r:/contents
2024/11/07 12:20:55.843  [D] [router.go:1305]  |            ::1|[42m 200 [0m|   124.1463ms|   match|[44m GET     [0m /api/banner/detail/list   r:/api/banner/detail/list
2024/11/07 12:21:20.164  [D] [router.go:1305]  |            ::1|[47m 302 [0m|           0s| nomatch|[44m GET     [0m /api/banner/detail
2024/11/07 12:21:20.197  [D] [router.go:1305]  |            ::1|[42m 200 [0m|    26.8043ms|   match|[44m GET     [0m /login   r:/login
2024/11/07 12:21:25.443  [D] [router.go:1305]  |            ::1|[47m 302 [0m|           0s| nomatch|[44m GET     [0m /api/banner/detail
2024/11/07 12:21:25.463  [D] [router.go:1305]  |            ::1|[42m 200 [0m|    13.3249ms|   match|[44m GET     [0m /login   r:/login
2024/11/07 12:21:46.597  [D] [router.go:1305]  |            ::1|[47m 302 [0m|           0s| nomatch|[44m GET     [0m /api/banner/detail
2024/11/07 12:21:46.617  [D] [router.go:1305]  |            ::1|[42m 200 [0m|    14.0045ms|   match|[44m GET     [0m /login   r:/login
2024/11/08 11:58:52.333  [I] [server.go:281]  http server Running on http://:7010
2024/11/08 11:58:57.152  [D] [router.go:1305]  |            ::1|[47m 302 [0m|     1.0966ms| nomatch|[44m GET     [0m /  
2024/11/08 11:58:57.184  [D] [router.go:1305]  |            ::1|[42m 200 [0m|    17.0868ms|   match|[44m GET     [0m /login   r:/login
2024/11/08 11:58:59.905  [D] [template.go:71]  template Execute err: template: main/main.html:11:43: executing "body" at <eq "" .BnrGrpTypCd>: error calling eq: invalid type for comparison
2024/11/08 11:58:59.907  [E] [router.go:1246]  template: main/main.html:11:43: executing "body" at <eq "" .BnrGrpTypCd>: error calling eq: invalid type for comparison
2024/11/08 11:58:59.908  [D] [router.go:1305]  |            ::1|[42m 200 [0m|   288.0058ms|   match|[46m POST    [0m /login   r:/login
2024/11/08 11:58:59.990  [D] [router.go:1305]  |            ::1|[42m 200 [0m|    29.3737ms|   match|[44m GET     [0m /     r:/
2024/11/08 11:59:00.314  [D] [apiGetBannerGroupListController.go:49]  CALL MNG_LIST_GROUP_BANNER_INFO('KR', 'ALL', '0', '0', '20190101', '20250208', '', :1)
2024/11/08 11:59:00.395  [D] [router.go:1305]  |            ::1|[42m 200 [0m|   186.6292ms|   match|[44m GET     [0m /api/banner/list   r:/api/banner/list
2024/11/08 11:59:09.369  [D] [router.go:1305]  |            ::1|[42m 200 [0m|   123.8467ms|   match|[44m GET     [0m /contents   r:/contents
2024/11/08 11:59:09.712  [D] [apiGetBannerGroupDetailListController.go:55]  CALL MNG_LIST_GRP_BAR_DTL_INFO('KR', 'BG03', 'RL', '0', '0', '20190101', '20201231', '20190101', '20201231', '', :1)
2024/11/08 11:59:09.756  [D] [apiGetBannerGroupDetailListController.go:136]  CALL MNG_LIST_GRP_BAR_DTL_INFO RESULT ('[{1 1 20210429746 링크스타트(상명대) /banner/20210429746/20210429746_20210429152323.png /banner/20210429746/100_20210429746_20210429152323.png 20210503 20210508 CLS 20210429152219 MGS641 http://localhost:8070/static/upload/banner/20210429746/20210429746_20210429152323.png http://localhost:8070/static/upload/banner/20210429746/100_20210429746_20210429152323.png} {2 1 20210419737 [21.05]남양주시 온라인채용박람회 /banner/20210419737/20210419737_20210511110855.png /banner/20210419737/100_20210419737_20210511110855.png 20210426 20210531 CLS 20210419101708 MGS622 http://localhost:8070/static/upload/banner/20210419737/20210419737_20210511110855.png http://localhost:8070/static/upload/banner/20210419737/100_20210419737_20210511110855.png} {3 1 20210419738 오더싸이클론코리아 /banner/20210419738/20210419738_20210503102316.png /banner/20210419738/100_20210419738_20210503102316.png 20210419 20210516 CLS 20210419101908 MGS623 http://localhost:8070/static/upload/banner/20210419738/20210419738_20210503102316.png http://localhost:8070/static/upload/banner/20210419738/100_20210419738_20210503102316.png} {4 1 20210406721 창의와 탐구 /banner/20210406721/20210406721_20210406183353.png /banner/20210406721/100_20210406721_20210406183353.png 20210406 20210430 CLS 20210406182602 MGS561 http://localhost:8070/static/upload/banner/20210406721/20210406721_20210406183353.png http://localhost:8070/static/upload/banner/20210406721/100_20210406721_20210406183353.png} {5 1 20210331716 삼구아이앤씨 /banner/20210331716/20210331716_20210412165343.png /banner/20210331716/100_20210331716_20210412165343.png 20210331 20210430 CLS 20210331175313 MGS542 http://localhost:8070/static/upload/banner/20210331716/20210331716_20210412165343.png http://localhost:8070/static/upload/banner/20210331716/100_20210331716_20210412165343.png} {6 1 20210329714 희망의 눈 /banner/20210329714/20210329714_20210401142225.png /banner/20210329714/100_20210329714_20210401142225.png 20210329 20210428 CLS 20210329151326 MGS541 http://localhost:8070/static/upload/banner/20210329714/20210329714_20210401142225.png http://localhost:8070/static/upload/banner/20210329714/100_20210329714_20210401142225.png} {7 0 20210323700 다날 /banner/20210323700/20210323700_20210401142242.png /banner/20210323700/100_20210323700_20210401142242.png 20210305 20210501 CLS 20210323112741 MGS528 http://localhost:8070/static/upload/banner/20210323700/20210323700_20210401142242.png http://localhost:8070/static/upload/banner/20210323700/100_20210323700_20210401142242.png} {8 0 20210512757 테스트 /banner/20210512757/20210512757_20210512152255.png /banner/20210512757/100_20210512757_20210512152255.png 20210512 20210612 CLS 20210512145332 MGS705 http://localhost:8070/static/upload/banner/20210512757/20210512757_20210512152255.png http://localhost:8070/static/upload/banner/20210512757/100_20210512757_20210512152255.png} {10 1 20210323704 클릭에스 /banner/20210323704/20210323704_20210401142300.png /banner/20210323704/100_20210323704_20210401142300.png 20210305 20210422 CLS 20210323152644 MGS531 http://localhost:8070/static/upload/banner/20210323704/20210323704_20210401142300.png http://localhost:8070/static/upload/banner/20210323704/100_20210323704_20210401142300.png} {11 1 20210323702 (주)메비 /banner/20210323702/20210323702_20210323152813.png /banner/20210323702/100_20210323702_20210323152813.png 20210305 20210328 CLS 20210323131847 MGS529 http://localhost:8070/static/upload/banner/20210323702/20210323702_20210323152813.png http://localhost:8070/static/upload/banner/20210323702/100_20210323702_20210323152813.png} {12 1 20210305673 성남시 구인·구직자 만남의 날 /banner/20210305673/20210305673_20210325111820.jpg /banner/20210305673/100_20210305673_20210325111820.jpg 20210305 20210415 CLS 20210305130102 MGS484 http://localhost:8070/static/upload/banner/20210305673/20210305673_20210325111820.jpg http://localhost:8070/static/upload/banner/20210305673/100_20210305673_20210325111820.jpg} {13 0 20210305678 한국지식재산보호원 /banner/20210305678/20210305678_20210305134452.png /banner/20210305678/100_20210305678_20210305134452.png 20210305 20210331 CLS 20210305133220 MGS485 http://localhost:8070/static/upload/banner/20210305678/20210305678_20210305134452.png http://localhost:8070/static/upload/banner/20210305678/100_20210305678_20210305134452.png} {14 1 20200617113 [스페셜 기업관] 메타넷엠플랫폼 /banner/20200617113/20200617113_20200703142045.png /banner/20200617113/100_20200617113_20200703142045.png 20200617 20230101 CLS 20200617093655 BGS026 http://localhost:8070/static/upload/banner/20200617113/20200617113_20200703142045.png http://localhost:8070/static/upload/banner/20200617113/100_20200617113_20200703142045.png} {15 1 20200312014 [직감TV]서비스 소개 영상 /banner/20200312014/20200312014_20200312110108.png /banner/20200312014/100_20200312014_20200312110108.png 20200312 20210430 CLS 20200312110108 BGS029 http://localhost:8070/static/upload/banner/20200312014/20200312014_20200312110108.png http://localhost:8070/static/upload/banner/20200312014/100_20200312014_20200312110108.png} {16 0 20201218557 [중고나라] 채용공고 /banner/20201218557/20201218557_20210127133609.png /banner/20201218557/100_20201218557_20210127133609.png 20201218 20210222 CLS 20201218112348 MGS342 http://localhost:8070/static/upload/banner/20201218557/20201218557_20210127133609.png http://localhost:8070/static/upload/banner/20201218557/100_20201218557_20210127133609.png} {17 1 20210106619 [글로벌오더]직무별 신입/경력 인재채용 /banner/20210106619/20210106619_20210106110404.png /banner/20210106619/100_20210106619_20210106110404.png 20210106 20210131 CLS 20210106110404 MGS386 http://localhost:8070/static/upload/banner/20210106619/20210106619_20210106110404.png http://localhost:8070/static/upload/banner/20210106619/100_20210106619_20210106110404.png} {18 1 20210106618 [쏘시오리빙]커뮤니티 운영팀장 채용 /banner/20210106618/20210106618_20210106110203.png /banner/20210106618/100_20210106618_20210106110203.png 20210106 20210110 CLS 20210106110203 MGS385 http://localhost:8070/static/upload/banner/20210106618/20210106618_20210106110203.png http://localhost:8070/static/upload/banner/20210106618/100_20210106618_20210106110203.png} {19 1 20201229586 [나투스핀]펫미업 펫택시 드라이버 모집 /banner/20201229586/20201229586_20201229145341.png /banner/20201229586/100_20201229586_20201229145341.png 20201229 20210109 CLS 20201229145341 MGS362 http://localhost:8070/static/upload/banner/20201229586/20201229586_20201229145341.png http://localhost:8070/static/upload/banner/20201229586/100_20201229586_20201229145341.png} {20 1 20201229585 [스튜디오씨드코리아] protopie developer /banner/20201229585/20201229585_20201229144748.png /banner/20201229585/100_20201229585_20201229144748.png 20201229 20210108 CLS 20201229144748 MGS361 http://localhost:8070/static/upload/banner/20201229585/20201229585_20201229144748.png http://localhost:8070/static/upload/banner/20201229585/100_20201229585_20201229144748.png} {21 1 20201221576 [정금강업]철강판 판매영업 모집 /banner/20201221576/20201221576_20201221164827.png /banner/20201221576/100_20201221576_20201221164827.png 20201221 20210108 CLS 20201221164827 MGS354 http://localhost:8070/static/upload/banner/20201221576/20201221576_20201221164827.png http://localhost:8070/static/upload/banner/20201221576/100_20201221576_20201221164827.png} {22 0 20201218570 [영신코아스]생산직 사원 구인 /banner/20201218570/20201218570_20201218155102.png /banner/20201218570/100_20201218570_20201218155102.png 20201218 20210131 CLS 20201218155102 MGS353 http://localhost:8070/static/upload/banner/20201218570/20201218570_20201218155102.png http://localhost:8070/static/upload/banner/20201218570/100_20201218570_20201218155102.png} {23 1 20201217555 [에스지오]압출공정 인원 채용 /banner/20201217555/20201217555_20201217173834.png /banner/20201217555/100_20201217555_20201217173834.png 20201217 20201231 CLS 20201217165208 MGS341 http://localhost:8070/static/upload/banner/20201217555/20201217555_20201217173834.png http://localhost:8070/static/upload/banner/20201217555/100_20201217555_20201217173834.png} {24 1 20201211544 [스파이더크래프트]엔지니어 채용모집 /banner/20201211544/20201211544_20201217173752.png /banner/20201211544/100_20201211544_20201217173752.png 20201211 20210108 CLS 20201211135539 MGS301 http://localhost:8070/static/upload/banner/20201211544/20201211544_20201217173752.png http://localhost:8070/static/upload/banner/20201211544/100_20201211544_20201217173752.png} {25 1 20201207515 [코베아] 생산직 채용모집 /banner/20201207515/20201207515_20201207150729.png /banner/20201207515/100_20201207515_20201207150729.png 20201207 20201210 CLS 20201207150729 MGS280 http://localhost:8070/static/upload/banner/20201207515/20201207515_20201207150729.png http://localhost:8070/static/upload/banner/20201207515/100_20201207515_20201207150729.png} {26 1 20201207517 [현대그린푸드]영양사 채용모집 /banner/20201207517/20201207517_20201207151027.png /banner/20201207517/100_20201207517_20201207151027.png 20201207 20201210 CLS 20201207151027 MGS281 http://localhost:8070/static/upload/banner/20201207517/20201207517_20201207151027.png http://localhost:8070/static/upload/banner/20201207517/100_20201207517_20201207151027.png} {27 1 20201204510 kbs찰영보조 채용 /banner/20201204510/20201204510_20201204163007.png /banner/20201204510/100_20201204510_20201204163007.png 20201204 20201206 CLS 20201204163007 MGS241 http://localhost:8070/static/upload/banner/20201204510/20201204510_20201204163007.png http://localhost:8070/static/upload/banner/20201204510/100_20201204510_20201204163007.png} {28 1 20201102477 2020 충청북도 온라인 취업 박람회 /banner/20201102477/20201102477_20201102174806.png /banner/20201102477/100_20201102477_20201102174806.png 20201103 20201116 CLS 20201102174806 MGS215 http://localhost:8070/static/upload/banner/20201102477/20201102477_20201102174806.png http://localhost:8070/static/upload/banner/20201102477/100_20201102477_20201102174806.png} {29 1 20201030443 스타트업 채용 페스티벌 /banner/20201030443/20201030443_20201030181416.png /banner/20201030443/100_20201030443_20201030181416.png 20201102 20201113 CLS 20201030181416 MGS201 http://localhost:8070/static/upload/banner/20201030443/20201030443_20201030181416.png http://localhost:8070/static/upload/banner/20201030443/100_20201030443_20201030181416.png} {30 1 20201005369 2020 대한민국 육군 일자리박람회 /banner/20201005369/20201005369_20201120155056.png /banner/20201005369/100_20201005369_20201120155056.png 20201005 20201210 CLS 20201005184132 BGS068 http://localhost:8070/static/upload/banner/20201005369/20201005369_20201120155056.png http://localhost:8070/static/upload/banner/20201005369/100_20201005369_20201120155056.png} {31 1 20201102457 [다날]2020년 하반기 다날 신입 개발자 공개채용 /banner/20201102457/20201102457_20201102114223.png /banner/20201102457/100_20201102457_20201102114223.png 20201102 20201122 CLS 20201102104301 MGS207 http://localhost:8070/static/upload/banner/20201102457/20201102457_20201102114223.png http://localhost:8070/static/upload/banner/20201102457/100_20201102457_20201102114223.png} {32 0 20201016408 2020 부천시 온라인 채용미니박람회 /banner/20201016408/20201016408_20201026131853.png /banner/20201016408/100_20201016408_20201026131853.png 20201019 20201104 CLS 20201016172126 MGS23 http://localhost:8070/static/upload/banner/20201016408/20201016408_20201026131853.png http://localhost:8070/static/upload/banner/20201016408/100_20201016408_20201026131853.png} {33 1 20200816165 [박람회] 2020 청년과학기술인 일자리 박람회 /banner/20200816165/20200816165_20200831153032.png /banner/20200816165/100_20200816165_20200831153032.png 20200817 20201007 CLS 20200816175553 BGS024 http://localhost:8070/static/upload/banner/20200816165/20200816165_20200831153032.png http://localhost:8070/static/upload/banner/20200816165/100_20200816165_20200831153032.png} {34 1 20200909259 2020바이오헬스언택트일자리박람회 /banner/20200909259/20200909259_20200909111648.jpeg /banner/20200909259/100_20200909259_20200909111648.jpeg 20200909 20200911 CLS 20200909111648 BGS021 http://localhost:8070/static/upload/banner/20200909259/20200909259_20200909111648.jpeg http://localhost:8070/static/upload/banner/20200909259/100_20200909259_20200909111648.jpeg} {35 1 20201005367 백두테크놀로지스 채용 공고 /banner/20201005367/20201005367_20201005174418.png /banner/20201005367/100_20201005367_20201005174418.png 20201005 20201031 CLS 20201005174418 BGS067 http://localhost:8070/static/upload/banner/20201005367/20201005367_20201005174418.png http://localhost:8070/static/upload/banner/20201005367/100_20201005367_20201005174418.png} {36 1 20201016403 [테스트 지원] 비대면 영상면접 /banner/20201016403/20201016403_20201016165954.png /banner/20201016403/100_20201016403_20201016165954.png 20200916 20220430 CLS 20201016165954 MGS22 http://localhost:8070/static/upload/banner/20201016403/20201016403_20201016165954.png http://localhost:8070/static/upload/banner/20201016403/100_20201016403_20201016165954.png} {37 1 20200617112 [서비스 소개] 영상 인터뷰 가이드 /banner/20200617112/20200617112_20200617093009.png /banner/20200617112/100_20200617112_20200617093009.png 20200617 20220617 CLS 20200617093009 BGS027 http://localhost:8070/static/upload/banner/20200617112/20200617112_20200617093009.png http://localhost:8070/static/upload/banner/20200617112/100_20200617112_20200617093009.png} {38 1 20200816164 [박람회] 2020 친환경차사업 온라인 채용박람회 /banner/20200816164/20200816164_20200824134048.png /banner/20200816164/100_20200816164_20200824134048.png 20200817 20200929 CLS 20200816175524 BGS023 http://localhost:8070/static/upload/banner/20200816164/20200816164_20200824134048.png http://localhost:8070/static/upload/banner/20200816164/100_20200816164_20200824134048.png} {39 1 20200617111 [서비스 소개]원웨이 인터뷰 꿀팁 5가지 /banner/20200617111/20200617111_20200617092752.png /banner/20200617111/100_20200617111_20200617092752.png 20200617 20210617 CLS 20200617092752 BGS028 http://localhost:8070/static/upload/banner/20200617111/20200617111_20200617092752.png http://localhost:8070/static/upload/banner/20200617111/100_20200617111_20200617092752.png} {40 1 20200816163 [박람회] 2020 농림축산식품 일자리 박람회 /banner/20200816163/20200816163_20200816175358.png /banner/20200816163/100_20200816163_20200816175358.png 20200817 20200925 CLS 20200816175358 BGS022 http://localhost:8070/static/upload/banner/20200816163/20200816163_20200816175358.png http://localhost:8070/static/upload/banner/20200816163/100_20200816163_20200816175358.png} {41 0 20200828254 [스페셜 기업관] SPC GFS 채용연계형 인턴 공채  /banner/20200828254/20200828254_20200828113614.png /banner/20200828254/100_20200828254_20200828113614.png 20200828 20200829 CLS 20200828113614 BGS025 http://localhost:8070/static/upload/banner/20200828254/20200828254_20200828113614.png http://localhost:8070/static/upload/banner/20200828254/100_20200828254_20200828113614.png}]')
2024/11/08 11:59:09.775  [D] [router.go:1305]  |            ::1|[42m 200 [0m|   164.1442ms|   match|[44m GET     [0m /api/banner/detail/list   r:/api/banner/detail/list
2024/11/08 11:59:11.202  [D] [router.go:1305]  |            ::1|[42m 200 [0m|    19.0004ms|   match|[44m GET     [0m /     r:/
2024/11/08 11:59:11.459  [D] [apiGetBannerGroupListController.go:49]  CALL MNG_LIST_GROUP_BANNER_INFO('KR', 'ALL', '0', '0', '20190101', '20250208', '', :1)
2024/11/08 11:59:11.471  [D] [router.go:1305]  |            ::1|[42m 200 [0m|    95.7062ms|   match|[44m GET     [0m /api/banner/list   r:/api/banner/list
2024/11/08 11:59:12.941  [D] [router.go:1305]  |            ::1|[42m 200 [0m|    28.4135ms|   match|[44m GET     [0m /main   r:/main
2024/11/08 11:59:13.221  [D] [apiGetBannerGroupListController.go:49]  CALL MNG_LIST_GROUP_BANNER_INFO('KR', 'GD', '0', '0', '20190101', '20250208', '', :1)
2024/11/08 11:59:13.237  [D] [router.go:1305]  |            ::1|[42m 200 [0m|   114.2044ms|   match|[44m GET     [0m /api/banner/list   r:/api/banner/list
2024/11/08 11:59:29.934  [D] [router.go:1305]  |            ::1|[42m 200 [0m|    27.9996ms|   match|[44m GET     [0m /main   r:/main
2024/11/08 11:59:30.227  [D] [apiGetBannerGroupListController.go:49]  CALL MNG_LIST_GROUP_BANNER_INFO('KR', 'CL', '0', '0', '20190101', '20250208', '', :1)
2024/11/08 11:59:30.240  [D] [router.go:1305]  |            ::1|[42m 200 [0m|    94.0058ms|   match|[44m GET     [0m /api/banner/list   r:/api/banner/list
2024/11/08 11:59:31.641  [D] [router.go:1305]  |            ::1|[42m 200 [0m|    18.1405ms|   match|[44m GET     [0m /main   r:/main
2024/11/08 11:59:31.945  [D] [apiGetBannerGroupListController.go:49]  CALL MNG_LIST_GROUP_BANNER_INFO('KR', 'GD', '0', '0', '20190101', '20250208', '', :1)
2024/11/08 11:59:31.958  [D] [router.go:1305]  |            ::1|[42m 200 [0m|   120.6798ms|   match|[44m GET     [0m /api/banner/list   r:/api/banner/list
2024/11/08 11:59:33.065  [D] [router.go:1305]  |            ::1|[42m 200 [0m|    13.8325ms|   match|[44m GET     [0m /main   r:/main
2024/11/08 11:59:33.338  [D] [apiGetBannerGroupListController.go:49]  CALL MNG_LIST_GROUP_BANNER_INFO('KR', 'CL', '0', '0', '20190101', '20250208', '', :1)
2024/11/08 11:59:33.348  [D] [router.go:1305]  |            ::1|[42m 200 [0m|    95.9362ms|   match|[44m GET     [0m /api/banner/list   r:/api/banner/list
2024/11/08 12:07:26.226  [D] [template.go:71]  template Execute err: template: main/main.html:11:43: executing "body" at <eq .BnrGrpTypCd>: error calling eq: missing argument for comparison
2024/11/08 12:07:26.227  [E] [router.go:1246]  template: main/main.html:11:43: executing "body" at <eq .BnrGrpTypCd>: error calling eq: missing argument for comparison
2024/11/08 12:07:26.228  [D] [router.go:1305]  |            ::1|[42m 200 [0m|    30.9654ms|   match|[44m GET     [0m /     r:/
2024/11/08 12:07:26.350  [D] [router.go:1305]  |            ::1|[43m 404 [0m|     23.254ms| nomatch|[44m GET     [0m /favicon.ico
2024/11/08 12:07:47.396  [D] [router.go:1305]  |            ::1|[42m 200 [0m|    53.7811ms|   match|[44m GET     [0m /     r:/
2024/11/08 12:07:47.818  [D] [apiGetBannerGroupListController.go:49]  CALL MNG_LIST_GROUP_BANNER_INFO('KR', 'ALL', '0', '0', '20190101', '20250208', '', :1)
2024/11/08 12:07:47.834  [D] [router.go:1305]  |            ::1|[42m 200 [0m|   103.4056ms|   match|[44m GET     [0m /api/banner/list   r:/api/banner/list
2024/11/08 12:19:05.646  [E] [template.go:225]  parse template err: main/main.html template: main/main.html:11: invalid syntax
2024/11/08 12:19:05.660  [D] [router.go:1305]  |            ::1|[42m 200 [0m|    98.9924ms|   match|[44m GET     [0m /     r:/
2024/11/08 12:19:06.017  [D] [apiGetBannerGroupListController.go:49]  CALL MNG_LIST_GROUP_BANNER_INFO('KR', 'ALL', '0', '0', '20190101', '20250208', '', :1)
2024/11/08 12:19:06.030  [D] [router.go:1305]  |            ::1|[42m 200 [0m|    86.9996ms|   match|[44m GET     [0m /api/banner/list   r:/api/banner/list
2024/11/08 12:19:25.454  [E] [template.go:225]  parse template err: main/main.html template: main/main.html:9: invalid syntax
2024/11/08 12:19:25.470  [D] [router.go:1305]  |            ::1|[42m 200 [0m|    28.9249ms|   match|[44m GET     [0m /     r:/
2024/11/08 12:19:25.764  [D] [apiGetBannerGroupListController.go:49]  CALL MNG_LIST_GROUP_BANNER_INFO('KR', 'ALL', '0', '0', '20190101', '20250208', '', :1)
2024/11/08 12:19:25.783  [D] [router.go:1305]  |            ::1|[42m 200 [0m|   117.1861ms|   match|[44m GET     [0m /api/banner/list   r:/api/banner/list
2024/11/08 12:19:32.531  [E] [template.go:225]  parse template err: main/main.html template: main/main.html:9: invalid syntax
2024/11/08 12:19:32.532  [D] [router.go:1305]  |            ::1|[42m 200 [0m|    16.9917ms|   match|[44m GET     [0m /     r:/
2024/11/08 12:19:32.832  [D] [apiGetBannerGroupListController.go:49]  CALL MNG_LIST_GROUP_BANNER_INFO('KR', 'ALL', '0', '0', '20190101', '20250208', '', :1)
2024/11/08 12:19:32.846  [D] [router.go:1305]  |            ::1|[42m 200 [0m|   122.9025ms|   match|[44m GET     [0m /api/banner/list   r:/api/banner/list
2024/11/08 12:19:41.287  [E] [template.go:225]  parse template err: main/main.html template: main/main.html:9: invalid syntax
2024/11/08 12:19:41.290  [D] [router.go:1305]  |            ::1|[42m 200 [0m|     24.982ms|   match|[44m GET     [0m /     r:/
2024/11/08 12:19:41.566  [D] [apiGetBannerGroupListController.go:49]  CALL MNG_LIST_GROUP_BANNER_INFO('KR', 'ALL', '0', '0', '20190101', '20250208', '', :1)
2024/11/08 12:19:41.579  [D] [router.go:1305]  |            ::1|[42m 200 [0m|   109.6049ms|   match|[44m GET     [0m /api/banner/list   r:/api/banner/list
2024/11/08 12:20:00.768  [D] [router.go:1305]  |            ::1|[42m 200 [0m|    20.4168ms|   match|[44m GET     [0m /     r:/
2024/11/08 12:20:01.061  [D] [apiGetBannerGroupListController.go:49]  CALL MNG_LIST_GROUP_BANNER_INFO('KR', 'ALL', '0', '0', '20190101', '20250208', '', :1)
2024/11/08 12:20:01.078  [D] [router.go:1305]  |            ::1|[42m 200 [0m|   124.9917ms|   match|[44m GET     [0m /api/banner/list   r:/api/banner/list
2024/11/08 12:20:04.332  [D] [router.go:1305]  |            ::1|[42m 200 [0m|    33.3675ms|   match|[44m GET     [0m /     r:/
2024/11/08 12:20:04.628  [D] [apiGetBannerGroupListController.go:49]  CALL MNG_LIST_GROUP_BANNER_INFO('KR', 'ALL', '0', '0', '20190101', '20250208', '', :1)
2024/11/08 12:20:04.646  [D] [router.go:1305]  |            ::1|[42m 200 [0m|   107.7887ms|   match|[44m GET     [0m /api/banner/list   r:/api/banner/list
2024/11/08 12:20:05.786  [D] [router.go:1305]  |            ::1|[42m 200 [0m|    18.3465ms|   match|[44m GET     [0m /     r:/
2024/11/08 12:20:06.052  [D] [apiGetBannerGroupListController.go:49]  CALL MNG_LIST_GROUP_BANNER_INFO('KR', 'ALL', '0', '0', '20190101', '20250208', '', :1)
2024/11/08 12:20:06.066  [D] [router.go:1305]  |            ::1|[42m 200 [0m|    99.9965ms|   match|[44m GET     [0m /api/banner/list   r:/api/banner/list
2024/11/08 12:20:09.233  [D] [router.go:1305]  |            ::1|[42m 200 [0m|    14.9989ms|   match|[44m GET     [0m /     r:/
2024/11/08 12:20:09.523  [D] [apiGetBannerGroupListController.go:49]  CALL MNG_LIST_GROUP_BANNER_INFO('KR', 'ALL', '0', '0', '20190101', '20250208', '', :1)
2024/11/08 12:20:09.538  [D] [router.go:1305]  |            ::1|[42m 200 [0m|   115.8403ms|   match|[44m GET     [0m /api/banner/list   r:/api/banner/list
2024/11/08 12:20:16.354  [D] [router.go:1305]  |            ::1|[42m 200 [0m|    72.5404ms|   match|[44m GET     [0m /     r:/
2024/11/08 12:20:16.656  [D] [apiGetBannerGroupListController.go:49]  CALL MNG_LIST_GROUP_BANNER_INFO('KR', 'ALL', '0', '0', '20190101', '20250208', '', :1)
2024/11/08 12:20:16.672  [D] [router.go:1305]  |            ::1|[42m 200 [0m|   121.7364ms|   match|[44m GET     [0m /api/banner/list   r:/api/banner/list
2024/11/08 12:20:16.926  [D] [router.go:1305]  |            ::1|[42m 200 [0m|     4.3257ms|   match|[44m GET     [0m /static/img/ziggam_favicon.ico
2024/11/08 12:20:28.873  [D] [router.go:1305]  |            ::1|[42m 200 [0m|    18.7555ms|   match|[44m GET     [0m /main   r:/main
2024/11/08 12:20:29.150  [D] [apiGetBannerGroupListController.go:49]  CALL MNG_LIST_GROUP_BANNER_INFO('KR', 'RL', '0', '0', '20190101', '20250208', '', :1)
2024/11/08 12:20:29.169  [D] [router.go:1305]  |            ::1|[42m 200 [0m|   118.9856ms|   match|[44m GET     [0m /api/banner/list   r:/api/banner/list
2024/11/08 12:20:31.300  [D] [router.go:1305]  |            ::1|[42m 200 [0m|    19.6136ms|   match|[44m GET     [0m /main   r:/main
2024/11/08 12:20:31.604  [D] [apiGetBannerGroupListController.go:49]  CALL MNG_LIST_GROUP_BANNER_INFO('KR', 'GD', '0', '0', '20190101', '20250208', '', :1)
2024/11/08 12:20:31.619  [D] [router.go:1305]  |            ::1|[42m 200 [0m|   131.6401ms|   match|[44m GET     [0m /api/banner/list   r:/api/banner/list
2024/11/08 12:20:51.042  [D] [router.go:1305]  |            ::1|[42m 200 [0m|    61.7902ms|   match|[44m GET     [0m /main   r:/main
2024/11/08 12:20:51.317  [D] [apiGetBannerGroupListController.go:49]  CALL MNG_LIST_GROUP_BANNER_INFO('KR', 'CL', '0', '0', '20190101', '20250208', '', :1)
2024/11/08 12:20:51.328  [D] [router.go:1305]  |            ::1|[42m 200 [0m|   103.3166ms|   match|[44m GET     [0m /api/banner/list   r:/api/banner/list
2024/11/08 12:20:56.258  [D] [router.go:1305]  |            ::1|[42m 200 [0m|   119.4592ms|   match|[44m GET     [0m /contents   r:/contents
2024/11/08 12:20:56.578  [D] [router.go:1305]  |            ::1|[42m 200 [0m|   137.9103ms|   match|[44m GET     [0m /api/content/cl/list   r:/api/content/cl/list
2024/11/08 12:20:59.939  [D] [router.go:1305]  |            ::1|[42m 200 [0m|    15.3945ms|   match|[44m GET     [0m /main   r:/main
2024/11/08 12:21:00.200  [D] [apiGetBannerGroupListController.go:49]  CALL MNG_LIST_GROUP_BANNER_INFO('KR', 'CL', '0', '0', '20190101', '20250208', '', :1)
2024/11/08 12:21:00.210  [D] [router.go:1305]  |            ::1|[42m 200 [0m|   103.2369ms|   match|[44m GET     [0m /api/banner/list   r:/api/banner/list
2024/11/08 12:21:08.002  [D] [router.go:1305]  |            ::1|[42m 200 [0m|    20.7319ms|   match|[44m GET     [0m /     r:/
2024/11/08 12:21:08.320  [D] [apiGetBannerGroupListController.go:49]  CALL MNG_LIST_GROUP_BANNER_INFO('KR', 'ALL', '0', '0', '20190101', '20250208', '', :1)
2024/11/08 12:21:08.333  [D] [router.go:1305]  |            ::1|[42m 200 [0m|   123.9237ms|   match|[44m GET     [0m /api/banner/list   r:/api/banner/list
2024/11/08 12:21:11.135  [D] [router.go:1305]  |            ::1|[42m 200 [0m|    17.8646ms|   match|[44m GET     [0m /main   r:/main
2024/11/08 12:21:11.417  [D] [apiGetBannerGroupListController.go:49]  CALL MNG_LIST_GROUP_BANNER_INFO('KR', 'CL', '0', '0', '20190101', '20250208', '', :1)
2024/11/08 12:21:11.430  [D] [router.go:1305]  |            ::1|[42m 200 [0m|   109.4217ms|   match|[44m GET     [0m /api/banner/list   r:/api/banner/list
2024/11/08 12:21:13.038  [D] [router.go:1305]  |            ::1|[42m 200 [0m|    16.7298ms|   match|[44m GET     [0m /     r:/
2024/11/08 12:21:13.339  [D] [apiGetBannerGroupListController.go:49]  CALL MNG_LIST_GROUP_BANNER_INFO('KR', 'ALL', '0', '0', '20190101', '20250208', '', :1)
2024/11/08 12:21:13.352  [D] [router.go:1305]  |            ::1|[42m 200 [0m|   118.7981ms|   match|[44m GET     [0m /api/banner/list   r:/api/banner/list
2024/11/08 12:21:14.852  [D] [router.go:1305]  |            ::1|[42m 200 [0m|   105.6447ms|   match|[44m GET     [0m /contents   r:/contents
2024/11/08 12:21:15.214  [D] [apiGetBannerGroupDetailListController.go:55]  CALL MNG_LIST_GRP_BAR_DTL_INFO('KR', 'BG03', 'RL', '0', '0', '20190101', '20201231', '20190101', '20201231', '', :1)
2024/11/08 12:21:15.223  [D] [apiGetBannerGroupDetailListController.go:136]  CALL MNG_LIST_GRP_BAR_DTL_INFO RESULT ('[{1 1 20210429746 링크스타트(상명대) /banner/20210429746/20210429746_20210429152323.png /banner/20210429746/100_20210429746_20210429152323.png 20210503 20210508 CLS 20210429152219 MGS641 http://localhost:8070/static/upload/banner/20210429746/20210429746_20210429152323.png http://localhost:8070/static/upload/banner/20210429746/100_20210429746_20210429152323.png} {2 1 20210419737 [21.05]남양주시 온라인채용박람회 /banner/20210419737/20210419737_20210511110855.png /banner/20210419737/100_20210419737_20210511110855.png 20210426 20210531 CLS 20210419101708 MGS622 http://localhost:8070/static/upload/banner/20210419737/20210419737_20210511110855.png http://localhost:8070/static/upload/banner/20210419737/100_20210419737_20210511110855.png} {3 1 20210419738 오더싸이클론코리아 /banner/20210419738/20210419738_20210503102316.png /banner/20210419738/100_20210419738_20210503102316.png 20210419 20210516 CLS 20210419101908 MGS623 http://localhost:8070/static/upload/banner/20210419738/20210419738_20210503102316.png http://localhost:8070/static/upload/banner/20210419738/100_20210419738_20210503102316.png} {4 1 20210406721 창의와 탐구 /banner/20210406721/20210406721_20210406183353.png /banner/20210406721/100_20210406721_20210406183353.png 20210406 20210430 CLS 20210406182602 MGS561 http://localhost:8070/static/upload/banner/20210406721/20210406721_20210406183353.png http://localhost:8070/static/upload/banner/20210406721/100_20210406721_20210406183353.png} {5 1 20210331716 삼구아이앤씨 /banner/20210331716/20210331716_20210412165343.png /banner/20210331716/100_20210331716_20210412165343.png 20210331 20210430 CLS 20210331175313 MGS542 http://localhost:8070/static/upload/banner/20210331716/20210331716_20210412165343.png http://localhost:8070/static/upload/banner/20210331716/100_20210331716_20210412165343.png} {6 1 20210329714 희망의 눈 /banner/20210329714/20210329714_20210401142225.png /banner/20210329714/100_20210329714_20210401142225.png 20210329 20210428 CLS 20210329151326 MGS541 http://localhost:8070/static/upload/banner/20210329714/20210329714_20210401142225.png http://localhost:8070/static/upload/banner/20210329714/100_20210329714_20210401142225.png} {7 0 20210323700 다날 /banner/20210323700/20210323700_20210401142242.png /banner/20210323700/100_20210323700_20210401142242.png 20210305 20210501 CLS 20210323112741 MGS528 http://localhost:8070/static/upload/banner/20210323700/20210323700_20210401142242.png http://localhost:8070/static/upload/banner/20210323700/100_20210323700_20210401142242.png} {8 0 20210512757 테스트 /banner/20210512757/20210512757_20210512152255.png /banner/20210512757/100_20210512757_20210512152255.png 20210512 20210612 CLS 20210512145332 MGS705 http://localhost:8070/static/upload/banner/20210512757/20210512757_20210512152255.png http://localhost:8070/static/upload/banner/20210512757/100_20210512757_20210512152255.png} {10 1 20210323704 클릭에스 /banner/20210323704/20210323704_20210401142300.png /banner/20210323704/100_20210323704_20210401142300.png 20210305 20210422 CLS 20210323152644 MGS531 http://localhost:8070/static/upload/banner/20210323704/20210323704_20210401142300.png http://localhost:8070/static/upload/banner/20210323704/100_20210323704_20210401142300.png} {11 1 20210323702 (주)메비 /banner/20210323702/20210323702_20210323152813.png /banner/20210323702/100_20210323702_20210323152813.png 20210305 20210328 CLS 20210323131847 MGS529 http://localhost:8070/static/upload/banner/20210323702/20210323702_20210323152813.png http://localhost:8070/static/upload/banner/20210323702/100_20210323702_20210323152813.png} {12 1 20210305673 성남시 구인·구직자 만남의 날 /banner/20210305673/20210305673_20210325111820.jpg /banner/20210305673/100_20210305673_20210325111820.jpg 20210305 20210415 CLS 20210305130102 MGS484 http://localhost:8070/static/upload/banner/20210305673/20210305673_20210325111820.jpg http://localhost:8070/static/upload/banner/20210305673/100_20210305673_20210325111820.jpg} {13 0 20210305678 한국지식재산보호원 /banner/20210305678/20210305678_20210305134452.png /banner/20210305678/100_20210305678_20210305134452.png 20210305 20210331 CLS 20210305133220 MGS485 http://localhost:8070/static/upload/banner/20210305678/20210305678_20210305134452.png http://localhost:8070/static/upload/banner/20210305678/100_20210305678_20210305134452.png} {14 1 20200617113 [스페셜 기업관] 메타넷엠플랫폼 /banner/20200617113/20200617113_20200703142045.png /banner/20200617113/100_20200617113_20200703142045.png 20200617 20230101 CLS 20200617093655 BGS026 http://localhost:8070/static/upload/banner/20200617113/20200617113_20200703142045.png http://localhost:8070/static/upload/banner/20200617113/100_20200617113_20200703142045.png} {15 1 20200312014 [직감TV]서비스 소개 영상 /banner/20200312014/20200312014_20200312110108.png /banner/20200312014/100_20200312014_20200312110108.png 20200312 20210430 CLS 20200312110108 BGS029 http://localhost:8070/static/upload/banner/20200312014/20200312014_20200312110108.png http://localhost:8070/static/upload/banner/20200312014/100_20200312014_20200312110108.png} {16 0 20201218557 [중고나라] 채용공고 /banner/20201218557/20201218557_20210127133609.png /banner/20201218557/100_20201218557_20210127133609.png 20201218 20210222 CLS 20201218112348 MGS342 http://localhost:8070/static/upload/banner/20201218557/20201218557_20210127133609.png http://localhost:8070/static/upload/banner/20201218557/100_20201218557_20210127133609.png} {17 1 20210106619 [글로벌오더]직무별 신입/경력 인재채용 /banner/20210106619/20210106619_20210106110404.png /banner/20210106619/100_20210106619_20210106110404.png 20210106 20210131 CLS 20210106110404 MGS386 http://localhost:8070/static/upload/banner/20210106619/20210106619_20210106110404.png http://localhost:8070/static/upload/banner/20210106619/100_20210106619_20210106110404.png} {18 1 20210106618 [쏘시오리빙]커뮤니티 운영팀장 채용 /banner/20210106618/20210106618_20210106110203.png /banner/20210106618/100_20210106618_20210106110203.png 20210106 20210110 CLS 20210106110203 MGS385 http://localhost:8070/static/upload/banner/20210106618/20210106618_20210106110203.png http://localhost:8070/static/upload/banner/20210106618/100_20210106618_20210106110203.png} {19 1 20201229586 [나투스핀]펫미업 펫택시 드라이버 모집 /banner/20201229586/20201229586_20201229145341.png /banner/20201229586/100_20201229586_20201229145341.png 20201229 20210109 CLS 20201229145341 MGS362 http://localhost:8070/static/upload/banner/20201229586/20201229586_20201229145341.png http://localhost:8070/static/upload/banner/20201229586/100_20201229586_20201229145341.png} {20 1 20201229585 [스튜디오씨드코리아] protopie developer /banner/20201229585/20201229585_20201229144748.png /banner/20201229585/100_20201229585_20201229144748.png 20201229 20210108 CLS 20201229144748 MGS361 http://localhost:8070/static/upload/banner/20201229585/20201229585_20201229144748.png http://localhost:8070/static/upload/banner/20201229585/100_20201229585_20201229144748.png} {21 1 20201221576 [정금강업]철강판 판매영업 모집 /banner/20201221576/20201221576_20201221164827.png /banner/20201221576/100_20201221576_20201221164827.png 20201221 20210108 CLS 20201221164827 MGS354 http://localhost:8070/static/upload/banner/20201221576/20201221576_20201221164827.png http://localhost:8070/static/upload/banner/20201221576/100_20201221576_20201221164827.png} {22 0 20201218570 [영신코아스]생산직 사원 구인 /banner/20201218570/20201218570_20201218155102.png /banner/20201218570/100_20201218570_20201218155102.png 20201218 20210131 CLS 20201218155102 MGS353 http://localhost:8070/static/upload/banner/20201218570/20201218570_20201218155102.png http://localhost:8070/static/upload/banner/20201218570/100_20201218570_20201218155102.png} {23 1 20201217555 [에스지오]압출공정 인원 채용 /banner/20201217555/20201217555_20201217173834.png /banner/20201217555/100_20201217555_20201217173834.png 20201217 20201231 CLS 20201217165208 MGS341 http://localhost:8070/static/upload/banner/20201217555/20201217555_20201217173834.png http://localhost:8070/static/upload/banner/20201217555/100_20201217555_20201217173834.png} {24 1 20201211544 [스파이더크래프트]엔지니어 채용모집 /banner/20201211544/20201211544_20201217173752.png /banner/20201211544/100_20201211544_20201217173752.png 20201211 20210108 CLS 20201211135539 MGS301 http://localhost:8070/static/upload/banner/20201211544/20201211544_20201217173752.png http://localhost:8070/static/upload/banner/20201211544/100_20201211544_20201217173752.png} {25 1 20201207515 [코베아] 생산직 채용모집 /banner/20201207515/20201207515_20201207150729.png /banner/20201207515/100_20201207515_20201207150729.png 20201207 20201210 CLS 20201207150729 MGS280 http://localhost:8070/static/upload/banner/20201207515/20201207515_20201207150729.png http://localhost:8070/static/upload/banner/20201207515/100_20201207515_20201207150729.png} {26 1 20201207517 [현대그린푸드]영양사 채용모집 /banner/20201207517/20201207517_20201207151027.png /banner/20201207517/100_20201207517_20201207151027.png 20201207 20201210 CLS 20201207151027 MGS281 http://localhost:8070/static/upload/banner/20201207517/20201207517_20201207151027.png http://localhost:8070/static/upload/banner/20201207517/100_20201207517_20201207151027.png} {27 1 20201204510 kbs찰영보조 채용 /banner/20201204510/20201204510_20201204163007.png /banner/20201204510/100_20201204510_20201204163007.png 20201204 20201206 CLS 20201204163007 MGS241 http://localhost:8070/static/upload/banner/20201204510/20201204510_20201204163007.png http://localhost:8070/static/upload/banner/20201204510/100_20201204510_20201204163007.png} {28 1 20201102477 2020 충청북도 온라인 취업 박람회 /banner/20201102477/20201102477_20201102174806.png /banner/20201102477/100_20201102477_20201102174806.png 20201103 20201116 CLS 20201102174806 MGS215 http://localhost:8070/static/upload/banner/20201102477/20201102477_20201102174806.png http://localhost:8070/static/upload/banner/20201102477/100_20201102477_20201102174806.png} {29 1 20201030443 스타트업 채용 페스티벌 /banner/20201030443/20201030443_20201030181416.png /banner/20201030443/100_20201030443_20201030181416.png 20201102 20201113 CLS 20201030181416 MGS201 http://localhost:8070/static/upload/banner/20201030443/20201030443_20201030181416.png http://localhost:8070/static/upload/banner/20201030443/100_20201030443_20201030181416.png} {30 1 20201005369 2020 대한민국 육군 일자리박람회 /banner/20201005369/20201005369_20201120155056.png /banner/20201005369/100_20201005369_20201120155056.png 20201005 20201210 CLS 20201005184132 BGS068 http://localhost:8070/static/upload/banner/20201005369/20201005369_20201120155056.png http://localhost:8070/static/upload/banner/20201005369/100_20201005369_20201120155056.png} {31 1 20201102457 [다날]2020년 하반기 다날 신입 개발자 공개채용 /banner/20201102457/20201102457_20201102114223.png /banner/20201102457/100_20201102457_20201102114223.png 20201102 20201122 CLS 20201102104301 MGS207 http://localhost:8070/static/upload/banner/20201102457/20201102457_20201102114223.png http://localhost:8070/static/upload/banner/20201102457/100_20201102457_20201102114223.png} {32 0 20201016408 2020 부천시 온라인 채용미니박람회 /banner/20201016408/20201016408_20201026131853.png /banner/20201016408/100_20201016408_20201026131853.png 20201019 20201104 CLS 20201016172126 MGS23 http://localhost:8070/static/upload/banner/20201016408/20201016408_20201026131853.png http://localhost:8070/static/upload/banner/20201016408/100_20201016408_20201026131853.png} {33 1 20200816165 [박람회] 2020 청년과학기술인 일자리 박람회 /banner/20200816165/20200816165_20200831153032.png /banner/20200816165/100_20200816165_20200831153032.png 20200817 20201007 CLS 20200816175553 BGS024 http://localhost:8070/static/upload/banner/20200816165/20200816165_20200831153032.png http://localhost:8070/static/upload/banner/20200816165/100_20200816165_20200831153032.png} {34 1 20200909259 2020바이오헬스언택트일자리박람회 /banner/20200909259/20200909259_20200909111648.jpeg /banner/20200909259/100_20200909259_20200909111648.jpeg 20200909 20200911 CLS 20200909111648 BGS021 http://localhost:8070/static/upload/banner/20200909259/20200909259_20200909111648.jpeg http://localhost:8070/static/upload/banner/20200909259/100_20200909259_20200909111648.jpeg} {35 1 20201005367 백두테크놀로지스 채용 공고 /banner/20201005367/20201005367_20201005174418.png /banner/20201005367/100_20201005367_20201005174418.png 20201005 20201031 CLS 20201005174418 BGS067 http://localhost:8070/static/upload/banner/20201005367/20201005367_20201005174418.png http://localhost:8070/static/upload/banner/20201005367/100_20201005367_20201005174418.png} {36 1 20201016403 [테스트 지원] 비대면 영상면접 /banner/20201016403/20201016403_20201016165954.png /banner/20201016403/100_20201016403_20201016165954.png 20200916 20220430 CLS 20201016165954 MGS22 http://localhost:8070/static/upload/banner/20201016403/20201016403_20201016165954.png http://localhost:8070/static/upload/banner/20201016403/100_20201016403_20201016165954.png} {37 1 20200617112 [서비스 소개] 영상 인터뷰 가이드 /banner/20200617112/20200617112_20200617093009.png /banner/20200617112/100_20200617112_20200617093009.png 20200617 20220617 CLS 20200617093009 BGS027 http://localhost:8070/static/upload/banner/20200617112/20200617112_20200617093009.png http://localhost:8070/static/upload/banner/20200617112/100_20200617112_20200617093009.png} {38 1 20200816164 [박람회] 2020 친환경차사업 온라인 채용박람회 /banner/20200816164/20200816164_20200824134048.png /banner/20200816164/100_20200816164_20200824134048.png 20200817 20200929 CLS 20200816175524 BGS023 http://localhost:8070/static/upload/banner/20200816164/20200816164_20200824134048.png http://localhost:8070/static/upload/banner/20200816164/100_20200816164_20200824134048.png} {39 1 20200617111 [서비스 소개]원웨이 인터뷰 꿀팁 5가지 /banner/20200617111/20200617111_20200617092752.png /banner/20200617111/100_20200617111_20200617092752.png 20200617 20210617 CLS 20200617092752 BGS028 http://localhost:8070/static/upload/banner/20200617111/20200617111_20200617092752.png http://localhost:8070/static/upload/banner/20200617111/100_20200617111_20200617092752.png} {40 1 20200816163 [박람회] 2020 농림축산식품 일자리 박람회 /banner/20200816163/20200816163_20200816175358.png /banner/20200816163/100_20200816163_20200816175358.png 20200817 20200925 CLS 20200816175358 BGS022 http://localhost:8070/static/upload/banner/20200816163/20200816163_20200816175358.png http://localhost:8070/static/upload/banner/20200816163/100_20200816163_20200816175358.png} {41 0 20200828254 [스페셜 기업관] SPC GFS 채용연계형 인턴 공채  /banner/20200828254/20200828254_20200828113614.png /banner/20200828254/100_20200828254_20200828113614.png 20200828 20200829 CLS 20200828113614 BGS025 http://localhost:8070/static/upload/banner/20200828254/20200828254_20200828113614.png http://localhost:8070/static/upload/banner/20200828254/100_20200828254_20200828113614.png}]')
2024/11/08 12:21:15.240  [D] [router.go:1305]  |            ::1|[42m 200 [0m|   135.9866ms|   match|[44m GET     [0m /api/banner/detail/list   r:/api/banner/detail/list
2024/11/08 12:21:19.326  [D] [router.go:1305]  |            ::1|[42m 200 [0m|    15.9282ms|   match|[44m GET     [0m /     r:/
2024/11/08 12:21:19.609  [D] [apiGetBannerGroupListController.go:49]  CALL MNG_LIST_GROUP_BANNER_INFO('KR', 'ALL', '0', '0', '20190101', '20250208', '', :1)
2024/11/08 12:21:19.620  [D] [router.go:1305]  |            ::1|[42m 200 [0m|    93.3259ms|   match|[44m GET     [0m /api/banner/list   r:/api/banner/list
2024/11/08 12:21:26.185  [D] [router.go:1305]  |            ::1|[42m 200 [0m|    27.0963ms|   match|[44m GET     [0m /     r:/
2024/11/08 12:21:26.462  [D] [apiGetBannerGroupListController.go:49]  CALL MNG_LIST_GROUP_BANNER_INFO('KR', 'ALL', '0', '0', '20190101', '20250208', '', :1)
2024/11/08 12:21:26.477  [D] [router.go:1305]  |            ::1|[42m 200 [0m|   116.5817ms|   match|[44m GET     [0m /api/banner/list   r:/api/banner/list
2024/11/08 12:21:32.488  [D] [router.go:1305]  |            ::1|[42m 200 [0m|    17.6876ms|   match|[44m GET     [0m /main   r:/main
2024/11/08 12:21:32.760  [D] [apiGetBannerGroupListController.go:49]  CALL MNG_LIST_GROUP_BANNER_INFO('KR', 'RL', '0', '0', '20190101', '20250208', '', :1)
2024/11/08 12:21:32.775  [D] [router.go:1305]  |            ::1|[42m 200 [0m|   118.3934ms|   match|[44m GET     [0m /api/banner/list   r:/api/banner/list
2024/11/08 12:21:33.653  [D] [router.go:1305]  |            ::1|[42m 200 [0m|    21.0037ms|   match|[44m GET     [0m /main   r:/main
2024/11/08 12:21:33.942  [D] [apiGetBannerGroupListController.go:49]  CALL MNG_LIST_GROUP_BANNER_INFO('KR', 'GD', '0', '0', '20190101', '20250208', '', :1)
2024/11/08 12:21:33.956  [D] [router.go:1305]  |            ::1|[42m 200 [0m|   107.9985ms|   match|[44m GET     [0m /api/banner/list   r:/api/banner/list
2024/11/08 12:21:34.893  [D] [router.go:1305]  |            ::1|[42m 200 [0m|    45.3663ms|   match|[44m GET     [0m /main   r:/main
2024/11/08 12:21:35.170  [D] [apiGetBannerGroupListController.go:49]  CALL MNG_LIST_GROUP_BANNER_INFO('KR', 'CL', '0', '0', '20190101', '20250208', '', :1)
2024/11/08 12:21:35.185  [D] [router.go:1305]  |            ::1|[42m 200 [0m|   110.6275ms|   match|[44m GET     [0m /api/banner/list   r:/api/banner/list
